[ 2020-12-19T12:54:14+08:00 ] 106.15.189.118 /
INFO: [ app_init ] --START--
INFO: Run Behavior\BuildLiteBehavior [ RunTime:0.000021s ]
INFO: [ app_init ] --END-- [ RunTime:0.001080s ]
INFO: [ app_begin ] --START--
INFO: Run Behavior\ReadHtmlCacheBehavior [ RunTime:0.001107s ]
INFO: [ app_begin ] --END-- [ RunTime:0.001198s ]
SQL: SHOW COLUMNS FROM `vv_config` [ RunTime:0.0021s ]
SQL: SELECT * FROM `vv_config`  [ RunTime:0.0012s ]
NOTIC: [8] Undefined index: imei /www/wwwkroot/pxs/Application/Home/Controller/HomeController.class.php 第 33 行.
NOTIC: [8] Undefined index: chapid /www/wwwkroot/pxs/Application/Home/Controller/HomeController.class.php 第 43 行.
NOTIC: [8] unserialize(): Error at offset 75 of 79 bytes /www/wwwkroot/pxs/Application/Home/Controller/HomeController.class.php 第 69 行.
NOTIC: [8] unserialize(): Error at offset 45 of 108 bytes /www/wwwkroot/pxs/Application/Home/Controller/HomeController.class.php 第 69 行.
NOTIC: [8] Undefined index: user_id /www/wwwkroot/pxs/Application/Home/Controller/HomeController.class.php 第 77 行.
NOTIC: [8] Undefined index: parent /www/wwwkroot/pxs/Application/Home/Controller/HomeController.class.php 第 138 行.
NOTIC: [8] Undefined index: uloginid /www/wwwkroot/pxs/Application/Home/Controller/HomeController.class.php 第 147 行.
NOTIC: [8] Undefined index: zidongzhuce /www/wwwkroot/pxs/Application/Home/Controller/HomeController.class.php 第 155 行.
SQL: SHOW COLUMNS FROM `vv_data` [ RunTime:0.0072s ]
SQL: SELECT * FROM `vv_data` WHERE ( date=20201218 ) LIMIT 1   [ RunTime:0.0047s ]
SQL: SHOW COLUMNS FROM `vv_order` [ RunTime:0.0049s ]
SQL: SELECT COUNT(*) AS tp_count FROM `vv_order` WHERE `create_time` BETWEEN 1608220800 AND 1608307200 LIMIT 1   [ RunTime:0.0002s ]
SQL: SELECT SUM(money) AS tp_sum FROM `vv_order` WHERE `create_time` BETWEEN 1608220800 AND 1608307200 LIMIT 1   [ RunTime:0.0002s ]
SQL: SHOW COLUMNS FROM `vv_user` [ RunTime:0.0012s ]
SQL: SELECT COUNT(*) AS tp_count FROM `vv_user` WHERE ( sub_time between 1608220800 and 1608307200 ) LIMIT 1   [ RunTime:0.0007s ]
SQL: INSERT INTO `vv_data` (`orders`,`total`,`subs`,`date`) VALUES ('0','0','0','20201218') [ RunTime:0.0048s ]
NOTIC: [8] Undefined variable: adsPic /www/wwwkroot/pxs/Application/Home/Controller/HomeController.class.php 第 215 行.
NOTIC: [8] Undefined index: uid /www/wwwkroot/pxs/Application/Home/Controller/HomeController.class.php 第 216 行.
NOTIC: [8] Undefined index: sort /www/wwwkroot/pxs/Application/Home/Controller/MhController.class.php 第 23 行.
SQL: SHOW COLUMNS FROM `vv_mh_list` [ RunTime:0.0014s ]
SQL: SELECT * FROM `vv_mh_list` WHERE `mhcate` LIKE '%5%' ORDER BY id desc LIMIT 6   [ RunTime:0.0017s ]
NOTIC: [8] Undefined index: sort /www/wwwkroot/pxs/Application/Home/Controller/MhController.class.php 第 23 行.
SQL: SELECT * FROM `vv_mh_list` WHERE `mhcate` LIKE '%6%' ORDER BY id desc LIMIT 6   [ RunTime:0.0012s ]
NOTIC: [8] Undefined index: sort /www/wwwkroot/pxs/Application/Home/Controller/MhController.class.php 第 23 行.
SQL: SELECT * FROM `vv_mh_list` WHERE `mhcate` LIKE '%7%' ORDER BY id desc LIMIT 6   [ RunTime:0.0002s ]
NOTIC: [8] Undefined index: sort /www/wwwkroot/pxs/Application/Home/Controller/MhController.class.php 第 23 行.
SQL: SELECT * FROM `vv_mh_list` WHERE `mhcate` LIKE '%8%' ORDER BY id desc LIMIT 6   [ RunTime:0.0021s ]
NOTIC: [8] Undefined index: sort /www/wwwkroot/pxs/Application/Home/Controller/MhController.class.php 第 23 行.
SQL: SELECT * FROM `vv_mh_list` WHERE `mhcate` LIKE '%9%' ORDER BY id desc LIMIT 6   [ RunTime:0.0002s ]
SQL: SELECT * FROM `vv_mh_list` WHERE `free_type` = 1 ORDER BY id desc LIMIT 10   [ RunTime:0.0003s ]
NOTIC: [2] Missing argument 2 for Common\Util\ddwechat::setParam(), called in /www/wwwkroot/pxs/Application/Home/Controller/MhController.class.php on line 32 and defined /www/wwwkroot/pxs/Application/Common/Util/ddwechat.class.php 第 39 行.
INFO: [ view_parse ] --START--
INFO: [ template_filter ] --START--
INFO: Run Behavior\ContentReplaceBehavior [ RunTime:0.000089s ]
INFO: [ template_filter ] --END-- [ RunTime:0.000146s ]
NOTIC: [8] Use of undefined constant id - assumed 'id' /www/wwwkroot/pxs/Application/Runtime/Cache/Home/67199abba7efdab949490dffef721944.php 第 151 行.
NOTIC: [8] Use of undefined constant id - assumed 'id' /www/wwwkroot/pxs/Application/Runtime/Cache/Home/67199abba7efdab949490dffef721944.php 第 151 行.
NOTIC: [8] Use of undefined constant id - assumed 'id' /www/wwwkroot/pxs/Application/Runtime/Cache/Home/67199abba7efdab949490dffef721944.php 第 151 行.
NOTIC: [8] Use of undefined constant id - assumed 'id' /www/wwwkroot/pxs/Application/Runtime/Cache/Home/67199abba7efdab949490dffef721944.php 第 151 行.
NOTIC: [8] Use of undefined constant id - assumed 'id' /www/wwwkroot/pxs/Application/Runtime/Cache/Home/67199abba7efdab949490dffef721944.php 第 151 行.
NOTIC: [8] Use of undefined constant id - assumed 'id' /www/wwwkroot/pxs/Application/Runtime/Cache/Home/67199abba7efdab949490dffef721944.php 第 151 行.
NOTIC: [8] Use of undefined constant id - assumed 'id' /www/wwwkroot/pxs/Application/Runtime/Cache/Home/67199abba7efdab949490dffef721944.php 第 151 行.
NOTIC: [8] Use of undefined constant id - assumed 'id' /www/wwwkroot/pxs/Application/Runtime/Cache/Home/67199abba7efdab949490dffef721944.php 第 151 行.
NOTIC: [8] Use of undefined constant id - assumed 'id' /www/wwwkroot/pxs/Application/Runtime/Cache/Home/67199abba7efdab949490dffef721944.php 第 151 行.
NOTIC: [8] Use of undefined constant id - assumed 'id' /www/wwwkroot/pxs/Application/Runtime/Cache/Home/67199abba7efdab949490dffef721944.php 第 151 行.
NOTIC: [8] Undefined variable: share /www/wwwkroot/pxs/Application/Runtime/Cache/Home/67199abba7efdab949490dffef721944.php 第 227 行.
NOTIC: [8] Undefined variable: share /www/wwwkroot/pxs/Application/Runtime/Cache/Home/67199abba7efdab949490dffef721944.php 第 228 行.
NOTIC: [8] Undefined variable: share /www/wwwkroot/pxs/Application/Runtime/Cache/Home/67199abba7efdab949490dffef721944.php 第 229 行.
NOTIC: [8] Undefined index: thirdcode /www/wwwkroot/pxs/Application/Runtime/Cache/Home/67199abba7efdab949490dffef721944.php 第 276 行.
INFO: Run Behavior\ParseTemplateBehavior [ RunTime:0.027477s ]
INFO: [ view_parse ] --END-- [ RunTime:0.027527s ]
INFO: [ view_filter ] --START--
INFO: Run Behavior\WriteHtmlCacheBehavior [ RunTime:0.005951s ]
INFO: [ view_filter ] --END-- [ RunTime:0.005989s ]
INFO: [ app_end ] --START--
INFO: Run Behavior\ShowPageTraceBehavior [ RunTime:0.000957s ]
INFO: [ app_end ] --END-- [ RunTime:0.000989s ]

[ 2020-12-19T19:57:07+08:00 ] 47.101.40.28 /
INFO: [ app_init ] --START--
INFO: Run Behavior\BuildLiteBehavior [ RunTime:0.000010s ]
INFO: [ app_init ] --END-- [ RunTime:0.000227s ]
INFO: [ app_begin ] --START--
INFO: Run Behavior\ReadHtmlCacheBehavior [ RunTime:0.000367s ]
INFO: [ app_begin ] --END-- [ RunTime:0.000437s ]
SQL: SHOW COLUMNS FROM `vv_config` [ RunTime:0.0044s ]
SQL: SELECT * FROM `vv_config`  [ RunTime:0.0003s ]
NOTIC: [8] Undefined index: imei /www/wwwkroot/pxs/Application/Home/Controller/HomeController.class.php 第 33 行.
NOTIC: [8] Undefined index: chapid /www/wwwkroot/pxs/Application/Home/Controller/HomeController.class.php 第 43 行.
NOTIC: [8] unserialize(): Error at offset 75 of 79 bytes /www/wwwkroot/pxs/Application/Home/Controller/HomeController.class.php 第 69 行.
NOTIC: [8] unserialize(): Error at offset 45 of 108 bytes /www/wwwkroot/pxs/Application/Home/Controller/HomeController.class.php 第 69 行.
NOTIC: [8] Undefined index: user_id /www/wwwkroot/pxs/Application/Home/Controller/HomeController.class.php 第 77 行.
NOTIC: [8] Undefined index: parent /www/wwwkroot/pxs/Application/Home/Controller/HomeController.class.php 第 138 行.
NOTIC: [8] Undefined index: uloginid /www/wwwkroot/pxs/Application/Home/Controller/HomeController.class.php 第 147 行.
NOTIC: [8] Undefined index: zidongzhuce /www/wwwkroot/pxs/Application/Home/Controller/HomeController.class.php 第 155 行.
SQL: SHOW COLUMNS FROM `vv_data` [ RunTime:0.0361s ]
SQL: SELECT * FROM `vv_data` WHERE ( date=20201218 ) LIMIT 1   [ RunTime:0.0063s ]
NOTIC: [8] Undefined variable: adsPic /www/wwwkroot/pxs/Application/Home/Controller/HomeController.class.php 第 215 行.
NOTIC: [8] Undefined index: uid /www/wwwkroot/pxs/Application/Home/Controller/HomeController.class.php 第 216 行.
NOTIC: [8] Undefined index: sort /www/wwwkroot/pxs/Application/Home/Controller/MhController.class.php 第 23 行.
SQL: SHOW COLUMNS FROM `vv_mh_list` [ RunTime:0.0050s ]
SQL: SELECT * FROM `vv_mh_list` WHERE `mhcate` LIKE '%5%' ORDER BY id desc LIMIT 6   [ RunTime:0.0019s ]
NOTIC: [8] Undefined index: sort /www/wwwkroot/pxs/Application/Home/Controller/MhController.class.php 第 23 行.
SQL: SELECT * FROM `vv_mh_list` WHERE `mhcate` LIKE '%6%' ORDER BY id desc LIMIT 6   [ RunTime:0.0384s ]
NOTIC: [8] Undefined index: sort /www/wwwkroot/pxs/Application/Home/Controller/MhController.class.php 第 23 行.
SQL: SELECT * FROM `vv_mh_list` WHERE `mhcate` LIKE '%7%' ORDER BY id desc LIMIT 6   [ RunTime:0.0003s ]
NOTIC: [8] Undefined index: sort /www/wwwkroot/pxs/Application/Home/Controller/MhController.class.php 第 23 行.
SQL: SELECT * FROM `vv_mh_list` WHERE `mhcate` LIKE '%8%' ORDER BY id desc LIMIT 6   [ RunTime:0.0020s ]
NOTIC: [8] Undefined index: sort /www/wwwkroot/pxs/Application/Home/Controller/MhController.class.php 第 23 行.
SQL: SELECT * FROM `vv_mh_list` WHERE `mhcate` LIKE '%9%' ORDER BY id desc LIMIT 6   [ RunTime:0.0002s ]
SQL: SELECT * FROM `vv_mh_list` WHERE `free_type` = 1 ORDER BY id desc LIMIT 10   [ RunTime:0.0003s ]
NOTIC: [2] Missing argument 2 for Common\Util\ddwechat::setParam(), called in /www/wwwkroot/pxs/Application/Home/Controller/MhController.class.php on line 32 and defined /www/wwwkroot/pxs/Application/Common/Util/ddwechat.class.php 第 39 行.
INFO: [ view_parse ] --START--
INFO: [ template_filter ] --START--
INFO: Run Behavior\ContentReplaceBehavior [ RunTime:0.000083s ]
INFO: [ template_filter ] --END-- [ RunTime:0.000137s ]
NOTIC: [8] Use of undefined constant id - assumed 'id' /www/wwwkroot/pxs/Application/Runtime/Cache/Home/67199abba7efdab949490dffef721944.php 第 151 行.
NOTIC: [8] Use of undefined constant id - assumed 'id' /www/wwwkroot/pxs/Application/Runtime/Cache/Home/67199abba7efdab949490dffef721944.php 第 151 行.
NOTIC: [8] Use of undefined constant id - assumed 'id' /www/wwwkroot/pxs/Application/Runtime/Cache/Home/67199abba7efdab949490dffef721944.php 第 151 行.
NOTIC: [8] Use of undefined constant id - assumed 'id' /www/wwwkroot/pxs/Application/Runtime/Cache/Home/67199abba7efdab949490dffef721944.php 第 151 行.
NOTIC: [8] Use of undefined constant id - assumed 'id' /www/wwwkroot/pxs/Application/Runtime/Cache/Home/67199abba7efdab949490dffef721944.php 第 151 行.
NOTIC: [8] Use of undefined constant id - assumed 'id' /www/wwwkroot/pxs/Application/Runtime/Cache/Home/67199abba7efdab949490dffef721944.php 第 151 行.
NOTIC: [8] Use of undefined constant id - assumed 'id' /www/wwwkroot/pxs/Application/Runtime/Cache/Home/67199abba7efdab949490dffef721944.php 第 151 行.
NOTIC: [8] Use of undefined constant id - assumed 'id' /www/wwwkroot/pxs/Application/Runtime/Cache/Home/67199abba7efdab949490dffef721944.php 第 151 行.
NOTIC: [8] Use of undefined constant id - assumed 'id' /www/wwwkroot/pxs/Application/Runtime/Cache/Home/67199abba7efdab949490dffef721944.php 第 151 行.
NOTIC: [8] Use of undefined constant id - assumed 'id' /www/wwwkroot/pxs/Application/Runtime/Cache/Home/67199abba7efdab949490dffef721944.php 第 151 行.
NOTIC: [8] Undefined variable: share /www/wwwkroot/pxs/Application/Runtime/Cache/Home/67199abba7efdab949490dffef721944.php 第 227 行.
NOTIC: [8] Undefined variable: share /www/wwwkroot/pxs/Application/Runtime/Cache/Home/67199abba7efdab949490dffef721944.php 第 228 行.
NOTIC: [8] Undefined variable: share /www/wwwkroot/pxs/Application/Runtime/Cache/Home/67199abba7efdab949490dffef721944.php 第 229 行.
NOTIC: [8] Undefined index: thirdcode /www/wwwkroot/pxs/Application/Runtime/Cache/Home/67199abba7efdab949490dffef721944.php 第 276 行.
INFO: Run Behavior\ParseTemplateBehavior [ RunTime:0.030534s ]
INFO: [ view_parse ] --END-- [ RunTime:0.030589s ]
INFO: [ view_filter ] --START--
INFO: Run Behavior\WriteHtmlCacheBehavior [ RunTime:0.001819s ]
INFO: [ view_filter ] --END-- [ RunTime:0.001860s ]
INFO: [ app_end ] --START--
INFO: Run Behavior\ShowPageTraceBehavior [ RunTime:0.001034s ]
INFO: [ app_end ] --END-- [ RunTime:0.001071s ]

[ 2020-12-19T20:05:47+08:00 ] 120.231.209.209 /Member/my.html
INFO: [ app_init ] --START--
INFO: Run Behavior\BuildLiteBehavior [ RunTime:0.000010s ]
INFO: [ app_init ] --END-- [ RunTime:0.000236s ]
INFO: [ app_begin ] --START--
INFO: Run Behavior\ReadHtmlCacheBehavior [ RunTime:0.000317s ]
INFO: [ app_begin ] --END-- [ RunTime:0.000354s ]
SQL: SHOW COLUMNS FROM `vv_config` [ RunTime:0.0006s ]
SQL: SELECT * FROM `vv_config`  [ RunTime:0.0002s ]
NOTIC: [8] Undefined index: imei /www/wwwkroot/pxs/Application/Home/Controller/HomeController.class.php 第 33 行.
NOTIC: [8] Undefined index: chapid /www/wwwkroot/pxs/Application/Home/Controller/HomeController.class.php 第 43 行.
NOTIC: [8] unserialize(): Error at offset 75 of 79 bytes /www/wwwkroot/pxs/Application/Home/Controller/HomeController.class.php 第 69 行.
NOTIC: [8] unserialize(): Error at offset 45 of 108 bytes /www/wwwkroot/pxs/Application/Home/Controller/HomeController.class.php 第 69 行.
NOTIC: [8] Undefined index: user_id /www/wwwkroot/pxs/Application/Home/Controller/HomeController.class.php 第 77 行.
SQL: SHOW COLUMNS FROM `vv_user` [ RunTime:0.0051s ]
SQL: SELECT * FROM `vv_user` WHERE `id` = 13 LIMIT 1   [ RunTime:0.0009s ]
NOTIC: [8] Use of undefined constant id - assumed 'id' /www/wwwkroot/pxs/Application/Home/Controller/HomeController.class.php 第 135 行.
SQL: SHOW COLUMNS FROM `vv_data` [ RunTime:0.0011s ]
SQL: SELECT * FROM `vv_data` WHERE ( date=20201218 ) LIMIT 1   [ RunTime:0.0010s ]
NOTIC: [8] Undefined variable: adsPic /www/wwwkroot/pxs/Application/Home/Controller/HomeController.class.php 第 215 行.
NOTIC: [8] Undefined index: uid /www/wwwkroot/pxs/Application/Home/Controller/HomeController.class.php 第 216 行.
SQL: SELECT * FROM `vv_user` WHERE `id` = 13 LIMIT 1   [ RunTime:0.0003s ]
SQL: SHOW COLUMNS FROM `vv_sign` [ RunTime:0.0012s ]
SQL: SELECT * FROM `vv_sign` WHERE `date` = '20201219' AND `user_id` = 13 LIMIT 1   [ RunTime:0.0007s ]
INFO: [ view_parse ] --START--
INFO: [ template_filter ] --START--
INFO: Run Behavior\ContentReplaceBehavior [ RunTime:0.000099s ]
INFO: [ template_filter ] --END-- [ RunTime:0.000137s ]
NOTIC: [8] Undefined index: gonggao /www/wwwkroot/pxs/Application/Runtime/Cache/Home/cb5c7d1f4bac61ef1c68c37e575be8cc.php 第 168 行.
NOTIC: [8] Undefined variable: share /www/wwwkroot/pxs/Application/Runtime/Cache/Home/cb5c7d1f4bac61ef1c68c37e575be8cc.php 第 558 行.
NOTIC: [8] Undefined variable: share /www/wwwkroot/pxs/Application/Runtime/Cache/Home/cb5c7d1f4bac61ef1c68c37e575be8cc.php 第 559 行.
NOTIC: [8] Undefined variable: share /www/wwwkroot/pxs/Application/Runtime/Cache/Home/cb5c7d1f4bac61ef1c68c37e575be8cc.php 第 560 行.
NOTIC: [8] Undefined variable: jssdk /www/wwwkroot/pxs/Application/Runtime/Cache/Home/cb5c7d1f4bac61ef1c68c37e575be8cc.php 第 563 行.
NOTIC: [8] Undefined variable: jssdk /www/wwwkroot/pxs/Application/Runtime/Cache/Home/cb5c7d1f4bac61ef1c68c37e575be8cc.php 第 564 行.
NOTIC: [8] Undefined variable: jssdk /www/wwwkroot/pxs/Application/Runtime/Cache/Home/cb5c7d1f4bac61ef1c68c37e575be8cc.php 第 565 行.
NOTIC: [8] Undefined variable: jssdk /www/wwwkroot/pxs/Application/Runtime/Cache/Home/cb5c7d1f4bac61ef1c68c37e575be8cc.php 第 566 行.
NOTIC: [8] Undefined index: thirdcode /www/wwwkroot/pxs/Application/Runtime/Cache/Home/cb5c7d1f4bac61ef1c68c37e575be8cc.php 第 607 行.
NOTIC: [8] Undefined variable: share /www/wwwkroot/pxs/Application/Runtime/Cache/Home/cb5c7d1f4bac61ef1c68c37e575be8cc.php 第 631 行.
NOTIC: [8] Undefined variable: share /www/wwwkroot/pxs/Application/Runtime/Cache/Home/cb5c7d1f4bac61ef1c68c37e575be8cc.php 第 632 行.
NOTIC: [8] Undefined variable: share /www/wwwkroot/pxs/Application/Runtime/Cache/Home/cb5c7d1f4bac61ef1c68c37e575be8cc.php 第 633 行.
NOTIC: [8] Undefined variable: jssdk /www/wwwkroot/pxs/Application/Runtime/Cache/Home/cb5c7d1f4bac61ef1c68c37e575be8cc.php 第 636 行.
NOTIC: [8] Undefined variable: jssdk /www/wwwkroot/pxs/Application/Runtime/Cache/Home/cb5c7d1f4bac61ef1c68c37e575be8cc.php 第 637 行.
NOTIC: [8] Undefined variable: jssdk /www/wwwkroot/pxs/Application/Runtime/Cache/Home/cb5c7d1f4bac61ef1c68c37e575be8cc.php 第 638 行.
NOTIC: [8] Undefined variable: jssdk /www/wwwkroot/pxs/Application/Runtime/Cache/Home/cb5c7d1f4bac61ef1c68c37e575be8cc.php 第 639 行.
NOTIC: [8] Undefined index: thirdcode /www/wwwkroot/pxs/Application/Runtime/Cache/Home/cb5c7d1f4bac61ef1c68c37e575be8cc.php 第 680 行.
INFO: Run Behavior\ParseTemplateBehavior [ RunTime:0.016909s ]
INFO: [ view_parse ] --END-- [ RunTime:0.016947s ]
INFO: [ view_filter ] --START--
INFO: Run Behavior\WriteHtmlCacheBehavior [ RunTime:0.001231s ]
INFO: [ view_filter ] --END-- [ RunTime:0.001261s ]
INFO: [ app_end ] --START--
INFO: Run Behavior\ShowPageTraceBehavior [ RunTime:0.000951s ]
INFO: [ app_end ] --END-- [ RunTime:0.000980s ]

[ 2020-12-19T20:05:50+08:00 ] 120.231.209.209 /Mh/index.html
INFO: [ app_init ] --START--
INFO: Run Behavior\BuildLiteBehavior [ RunTime:0.000016s ]
INFO: [ app_init ] --END-- [ RunTime:0.000258s ]
INFO: [ app_begin ] --START--
INFO: Run Behavior\ReadHtmlCacheBehavior [ RunTime:0.000338s ]
INFO: [ app_begin ] --END-- [ RunTime:0.000376s ]
SQL: SHOW COLUMNS FROM `vv_config` [ RunTime:0.0006s ]
SQL: SELECT * FROM `vv_config`  [ RunTime:0.0002s ]
NOTIC: [8] Undefined index: imei /www/wwwkroot/pxs/Application/Home/Controller/HomeController.class.php 第 33 行.
NOTIC: [8] Undefined index: chapid /www/wwwkroot/pxs/Application/Home/Controller/HomeController.class.php 第 43 行.
NOTIC: [8] unserialize(): Error at offset 75 of 79 bytes /www/wwwkroot/pxs/Application/Home/Controller/HomeController.class.php 第 69 行.
NOTIC: [8] unserialize(): Error at offset 45 of 108 bytes /www/wwwkroot/pxs/Application/Home/Controller/HomeController.class.php 第 69 行.
NOTIC: [8] Undefined index: user_id /www/wwwkroot/pxs/Application/Home/Controller/HomeController.class.php 第 77 行.
SQL: SHOW COLUMNS FROM `vv_user` [ RunTime:0.0015s ]
SQL: SELECT * FROM `vv_user` WHERE `id` = 13 LIMIT 1   [ RunTime:0.0003s ]
NOTIC: [8] Use of undefined constant id - assumed 'id' /www/wwwkroot/pxs/Application/Home/Controller/HomeController.class.php 第 135 行.
SQL: SHOW COLUMNS FROM `vv_data` [ RunTime:0.0010s ]
SQL: SELECT * FROM `vv_data` WHERE ( date=20201218 ) LIMIT 1   [ RunTime:0.0001s ]
NOTIC: [8] Undefined variable: adsPic /www/wwwkroot/pxs/Application/Home/Controller/HomeController.class.php 第 215 行.
NOTIC: [8] Undefined index: uid /www/wwwkroot/pxs/Application/Home/Controller/HomeController.class.php 第 216 行.
NOTIC: [8] Undefined index: sort /www/wwwkroot/pxs/Application/Home/Controller/MhController.class.php 第 23 行.
SQL: SHOW COLUMNS FROM `vv_mh_list` [ RunTime:0.0006s ]
SQL: SELECT * FROM `vv_mh_list` WHERE `mhcate` LIKE '%5%' ORDER BY id desc LIMIT 6   [ RunTime:0.0020s ]
NOTIC: [8] Undefined index: sort /www/wwwkroot/pxs/Application/Home/Controller/MhController.class.php 第 23 行.
SQL: SELECT * FROM `vv_mh_list` WHERE `mhcate` LIKE '%6%' ORDER BY id desc LIMIT 6   [ RunTime:0.0013s ]
NOTIC: [8] Undefined index: sort /www/wwwkroot/pxs/Application/Home/Controller/MhController.class.php 第 23 行.
SQL: SELECT * FROM `vv_mh_list` WHERE `mhcate` LIKE '%7%' ORDER BY id desc LIMIT 6   [ RunTime:0.0002s ]
NOTIC: [8] Undefined index: sort /www/wwwkroot/pxs/Application/Home/Controller/MhController.class.php 第 23 行.
SQL: SELECT * FROM `vv_mh_list` WHERE `mhcate` LIKE '%8%' ORDER BY id desc LIMIT 6   [ RunTime:0.0018s ]
NOTIC: [8] Undefined index: sort /www/wwwkroot/pxs/Application/Home/Controller/MhController.class.php 第 23 行.
SQL: SELECT * FROM `vv_mh_list` WHERE `mhcate` LIKE '%9%' ORDER BY id desc LIMIT 6   [ RunTime:0.0002s ]
SQL: SELECT * FROM `vv_mh_list` WHERE `free_type` = 1 ORDER BY id desc LIMIT 10   [ RunTime:0.0002s ]
NOTIC: [2] Missing argument 2 for Common\Util\ddwechat::setParam(), called in /www/wwwkroot/pxs/Application/Home/Controller/MhController.class.php on line 32 and defined /www/wwwkroot/pxs/Application/Common/Util/ddwechat.class.php 第 39 行.
INFO: [ view_parse ] --START--
INFO: [ template_filter ] --START--
INFO: Run Behavior\ContentReplaceBehavior [ RunTime:0.000072s ]
INFO: [ template_filter ] --END-- [ RunTime:0.000114s ]
NOTIC: [8] Use of undefined constant id - assumed 'id' /www/wwwkroot/pxs/Application/Runtime/Cache/Home/67199abba7efdab949490dffef721944.php 第 151 行.
NOTIC: [8] Use of undefined constant id - assumed 'id' /www/wwwkroot/pxs/Application/Runtime/Cache/Home/67199abba7efdab949490dffef721944.php 第 151 行.
NOTIC: [8] Use of undefined constant id - assumed 'id' /www/wwwkroot/pxs/Application/Runtime/Cache/Home/67199abba7efdab949490dffef721944.php 第 151 行.
NOTIC: [8] Use of undefined constant id - assumed 'id' /www/wwwkroot/pxs/Application/Runtime/Cache/Home/67199abba7efdab949490dffef721944.php 第 151 行.
NOTIC: [8] Use of undefined constant id - assumed 'id' /www/wwwkroot/pxs/Application/Runtime/Cache/Home/67199abba7efdab949490dffef721944.php 第 151 行.
NOTIC: [8] Use of undefined constant id - assumed 'id' /www/wwwkroot/pxs/Application/Runtime/Cache/Home/67199abba7efdab949490dffef721944.php 第 151 行.
NOTIC: [8] Use of undefined constant id - assumed 'id' /www/wwwkroot/pxs/Application/Runtime/Cache/Home/67199abba7efdab949490dffef721944.php 第 151 行.
NOTIC: [8] Use of undefined constant id - assumed 'id' /www/wwwkroot/pxs/Application/Runtime/Cache/Home/67199abba7efdab949490dffef721944.php 第 151 行.
NOTIC: [8] Use of undefined constant id - assumed 'id' /www/wwwkroot/pxs/Application/Runtime/Cache/Home/67199abba7efdab949490dffef721944.php 第 151 行.
NOTIC: [8] Use of undefined constant id - assumed 'id' /www/wwwkroot/pxs/Application/Runtime/Cache/Home/67199abba7efdab949490dffef721944.php 第 151 行.
NOTIC: [8] Undefined variable: share /www/wwwkroot/pxs/Application/Runtime/Cache/Home/67199abba7efdab949490dffef721944.php 第 227 行.
NOTIC: [8] Undefined variable: share /www/wwwkroot/pxs/Application/Runtime/Cache/Home/67199abba7efdab949490dffef721944.php 第 228 行.
NOTIC: [8] Undefined variable: share /www/wwwkroot/pxs/Application/Runtime/Cache/Home/67199abba7efdab949490dffef721944.php 第 229 行.
NOTIC: [8] Undefined index: thirdcode /www/wwwkroot/pxs/Application/Runtime/Cache/Home/67199abba7efdab949490dffef721944.php 第 276 行.
INFO: Run Behavior\ParseTemplateBehavior [ RunTime:0.011602s ]
INFO: [ view_parse ] --END-- [ RunTime:0.011646s ]
INFO: [ view_filter ] --START--
INFO: Run Behavior\WriteHtmlCacheBehavior [ RunTime:0.000136s ]
INFO: [ view_filter ] --END-- [ RunTime:0.000155s ]
INFO: [ app_end ] --START--
INFO: Run Behavior\ShowPageTraceBehavior [ RunTime:0.000357s ]
INFO: [ app_end ] --END-- [ RunTime:0.000381s ]

[ 2020-12-19T20:51:16+08:00 ] 120.231.209.209 /Book/index.html
INFO: [ app_init ] --START--
INFO: Run Behavior\BuildLiteBehavior [ RunTime:0.000011s ]
INFO: [ app_init ] --END-- [ RunTime:0.000234s ]
INFO: [ app_begin ] --START--
INFO: Run Behavior\ReadHtmlCacheBehavior [ RunTime:0.000404s ]
INFO: [ app_begin ] --END-- [ RunTime:0.000465s ]
SQL: SHOW COLUMNS FROM `vv_config` [ RunTime:0.0006s ]
SQL: SELECT * FROM `vv_config`  [ RunTime:0.0002s ]
NOTIC: [8] Undefined index: imei /www/wwwkroot/pxs/Application/Home/Controller/HomeController.class.php 第 33 行.
NOTIC: [8] Undefined index: chapid /www/wwwkroot/pxs/Application/Home/Controller/HomeController.class.php 第 43 行.
NOTIC: [8] unserialize(): Error at offset 75 of 79 bytes /www/wwwkroot/pxs/Application/Home/Controller/HomeController.class.php 第 69 行.
NOTIC: [8] unserialize(): Error at offset 45 of 108 bytes /www/wwwkroot/pxs/Application/Home/Controller/HomeController.class.php 第 69 行.
NOTIC: [8] Undefined index: user_id /www/wwwkroot/pxs/Application/Home/Controller/HomeController.class.php 第 77 行.
SQL: SHOW COLUMNS FROM `vv_user` [ RunTime:0.0014s ]
SQL: SELECT * FROM `vv_user` WHERE `id` = 13 LIMIT 1   [ RunTime:0.0012s ]
NOTIC: [8] Use of undefined constant id - assumed 'id' /www/wwwkroot/pxs/Application/Home/Controller/HomeController.class.php 第 135 行.
SQL: SHOW COLUMNS FROM `vv_data` [ RunTime:0.0006s ]
SQL: SELECT * FROM `vv_data` WHERE ( date=20201218 ) LIMIT 1   [ RunTime:0.0008s ]
NOTIC: [8] Undefined variable: adsPic /www/wwwkroot/pxs/Application/Home/Controller/HomeController.class.php 第 215 行.
NOTIC: [8] Undefined index: uid /www/wwwkroot/pxs/Application/Home/Controller/HomeController.class.php 第 216 行.
SQL: SHOW COLUMNS FROM `vv_book` [ RunTime:0.0147s ]
SQL: SELECT * FROM `vv_book` WHERE `bookcate` LIKE '%5%' ORDER BY id desc LIMIT 6   [ RunTime:0.0011s ]
SQL: SELECT * FROM `vv_book` WHERE `bookcate` LIKE '%6%' ORDER BY id desc LIMIT 6   [ RunTime:0.0003s ]
SQL: SELECT * FROM `vv_book` WHERE `bookcate` LIKE '%7%' ORDER BY id desc LIMIT 6   [ RunTime:0.0003s ]
SQL: SELECT * FROM `vv_book` WHERE `bookcate` LIKE '%8%' ORDER BY id desc LIMIT 6   [ RunTime:0.0003s ]
SQL: SELECT * FROM `vv_book` WHERE `bookcate` LIKE '%9%' ORDER BY id desc LIMIT 6   [ RunTime:0.0002s ]
SQL: SELECT * FROM `vv_book` WHERE `free_type` = 1 ORDER BY id desc  [ RunTime:0.0002s ]
NOTIC: [2] Missing argument 2 for Common\Util\ddwechat::setParam(), called in /www/wwwkroot/pxs/Application/Home/Controller/BookController.class.php on line 29 and defined /www/wwwkroot/pxs/Application/Common/Util/ddwechat.class.php 第 39 行.
INFO: [ view_parse ] --START--
INFO: [ template_filter ] --START--
INFO: Run Behavior\ContentReplaceBehavior [ RunTime:0.000177s ]
INFO: [ template_filter ] --END-- [ RunTime:0.000222s ]
NOTIC: [8] Use of undefined constant id - assumed 'id' /www/wwwkroot/pxs/Application/Runtime/Cache/Home/88fd1496475deb2aa861d336784d55ed.php 第 119 行.
NOTIC: [8] Use of undefined constant id - assumed 'id' /www/wwwkroot/pxs/Application/Runtime/Cache/Home/88fd1496475deb2aa861d336784d55ed.php 第 119 行.
NOTIC: [8] Use of undefined constant id - assumed 'id' /www/wwwkroot/pxs/Application/Runtime/Cache/Home/88fd1496475deb2aa861d336784d55ed.php 第 119 行.
NOTIC: [8] Use of undefined constant id - assumed 'id' /www/wwwkroot/pxs/Application/Runtime/Cache/Home/88fd1496475deb2aa861d336784d55ed.php 第 119 行.
NOTIC: [8] Use of undefined constant id - assumed 'id' /www/wwwkroot/pxs/Application/Runtime/Cache/Home/88fd1496475deb2aa861d336784d55ed.php 第 119 行.
NOTIC: [8] Use of undefined constant id - assumed 'id' /www/wwwkroot/pxs/Application/Runtime/Cache/Home/88fd1496475deb2aa861d336784d55ed.php 第 119 行.
NOTIC: [8] Use of undefined constant id - assumed 'id' /www/wwwkroot/pxs/Application/Runtime/Cache/Home/88fd1496475deb2aa861d336784d55ed.php 第 119 行.
NOTIC: [8] Use of undefined constant id - assumed 'id' /www/wwwkroot/pxs/Application/Runtime/Cache/Home/88fd1496475deb2aa861d336784d55ed.php 第 119 行.
NOTIC: [8] Use of undefined constant id - assumed 'id' /www/wwwkroot/pxs/Application/Runtime/Cache/Home/88fd1496475deb2aa861d336784d55ed.php 第 119 行.
NOTIC: [8] Use of undefined constant id - assumed 'id' /www/wwwkroot/pxs/Application/Runtime/Cache/Home/88fd1496475deb2aa861d336784d55ed.php 第 119 行.
NOTIC: [8] Use of undefined constant id - assumed 'id' /www/wwwkroot/pxs/Application/Runtime/Cache/Home/88fd1496475deb2aa861d336784d55ed.php 第 119 行.
NOTIC: [8] Use of undefined constant id - assumed 'id' /www/wwwkroot/pxs/Application/Runtime/Cache/Home/88fd1496475deb2aa861d336784d55ed.php 第 119 行.
NOTIC: [8] Use of undefined constant id - assumed 'id' /www/wwwkroot/pxs/Application/Runtime/Cache/Home/88fd1496475deb2aa861d336784d55ed.php 第 119 行.
NOTIC: [8] Use of undefined constant id - assumed 'id' /www/wwwkroot/pxs/Application/Runtime/Cache/Home/88fd1496475deb2aa861d336784d55ed.php 第 119 行.
NOTIC: [8] Use of undefined constant id - assumed 'id' /www/wwwkroot/pxs/Application/Runtime/Cache/Home/88fd1496475deb2aa861d336784d55ed.php 第 119 行.
NOTIC: [8] Use of undefined constant id - assumed 'id' /www/wwwkroot/pxs/Application/Runtime/Cache/Home/88fd1496475deb2aa861d336784d55ed.php 第 119 行.
NOTIC: [8] Use of undefined constant id - assumed 'id' /www/wwwkroot/pxs/Application/Runtime/Cache/Home/88fd1496475deb2aa861d336784d55ed.php 第 119 行.
NOTIC: [8] Use of undefined constant id - assumed 'id' /www/wwwkroot/pxs/Application/Runtime/Cache/Home/88fd1496475deb2aa861d336784d55ed.php 第 119 行.
NOTIC: [8] Use of undefined constant id - assumed 'id' /www/wwwkroot/pxs/Application/Runtime/Cache/Home/88fd1496475deb2aa861d336784d55ed.php 第 119 行.
NOTIC: [8] Use of undefined constant id - assumed 'id' /www/wwwkroot/pxs/Application/Runtime/Cache/Home/88fd1496475deb2aa861d336784d55ed.php 第 119 行.
NOTIC: [8] Use of undefined constant id - assumed 'id' /www/wwwkroot/pxs/Application/Runtime/Cache/Home/88fd1496475deb2aa861d336784d55ed.php 第 119 行.
NOTIC: [8] Use of undefined constant id - assumed 'id' /www/wwwkroot/pxs/Application/Runtime/Cache/Home/88fd1496475deb2aa861d336784d55ed.php 第 119 行.
NOTIC: [8] Use of undefined constant id - assumed 'id' /www/wwwkroot/pxs/Application/Runtime/Cache/Home/88fd1496475deb2aa861d336784d55ed.php 第 119 行.
NOTIC: [8] Use of undefined constant id - assumed 'id' /www/wwwkroot/pxs/Application/Runtime/Cache/Home/88fd1496475deb2aa861d336784d55ed.php 第 119 行.
NOTIC: [8] Use of undefined constant id - assumed 'id' /www/wwwkroot/pxs/Application/Runtime/Cache/Home/88fd1496475deb2aa861d336784d55ed.php 第 119 行.
NOTIC: [8] Use of undefined constant id - assumed 'id' /www/wwwkroot/pxs/Application/Runtime/Cache/Home/88fd1496475deb2aa861d336784d55ed.php 第 119 行.
NOTIC: [8] Use of undefined constant id - assumed 'id' /www/wwwkroot/pxs/Application/Runtime/Cache/Home/88fd1496475deb2aa861d336784d55ed.php 第 119 行.
NOTIC: [8] Use of undefined constant id - assumed 'id' /www/wwwkroot/pxs/Application/Runtime/Cache/Home/88fd1496475deb2aa861d336784d55ed.php 第 119 行.
NOTIC: [8] Use of undefined constant id - assumed 'id' /www/wwwkroot/pxs/Application/Runtime/Cache/Home/88fd1496475deb2aa861d336784d55ed.php 第 119 行.
NOTIC: [8] Use of undefined constant id - assumed 'id' /www/wwwkroot/pxs/Application/Runtime/Cache/Home/88fd1496475deb2aa861d336784d55ed.php 第 119 行.
NOTIC: [8] Use of undefined constant id - assumed 'id' /www/wwwkroot/pxs/Application/Runtime/Cache/Home/88fd1496475deb2aa861d336784d55ed.php 第 144 行.
NOTIC: [8] Use of undefined constant id - assumed 'id' /www/wwwkroot/pxs/Application/Runtime/Cache/Home/88fd1496475deb2aa861d336784d55ed.php 第 144 行.
NOTIC: [8] Use of undefined constant id - assumed 'id' /www/wwwkroot/pxs/Application/Runtime/Cache/Home/88fd1496475deb2aa861d336784d55ed.php 第 144 行.
NOTIC: [8] Use of undefined constant id - assumed 'id' /www/wwwkroot/pxs/Application/Runtime/Cache/Home/88fd1496475deb2aa861d336784d55ed.php 第 144 行.
NOTIC: [8] Use of undefined constant id - assumed 'id' /www/wwwkroot/pxs/Application/Runtime/Cache/Home/88fd1496475deb2aa861d336784d55ed.php 第 144 行.
NOTIC: [8] Undefined variable: share /www/wwwkroot/pxs/Application/Runtime/Cache/Home/88fd1496475deb2aa861d336784d55ed.php 第 196 行.
NOTIC: [8] Undefined index: thirdcode /www/wwwkroot/pxs/Application/Runtime/Cache/Home/88fd1496475deb2aa861d336784d55ed.php 第 252 行.
INFO: Run Behavior\ParseTemplateBehavior [ RunTime:0.025665s ]
INFO: [ view_parse ] --END-- [ RunTime:0.025718s ]
INFO: [ view_filter ] --START--
INFO: Run Behavior\WriteHtmlCacheBehavior [ RunTime:0.002629s ]
INFO: [ view_filter ] --END-- [ RunTime:0.002664s ]
INFO: [ app_end ] --START--
INFO: Run Behavior\ShowPageTraceBehavior [ RunTime:0.000976s ]
INFO: [ app_end ] --END-- [ RunTime:0.001008s ]

