[ 2020-12-11T21:28:13+08:00 ] 120.229.77.245 /
INFO: [ app_init ] --START--
INFO: Run Behavior\BuildLiteBehavior [ RunTime:0.000014s ]
INFO: [ app_init ] --END-- [ RunTime:0.000250s ]
INFO: [ app_begin ] --START--
INFO: Run Behavior\ReadHtmlCacheBehavior [ RunTime:0.001007s ]
INFO: [ app_begin ] --END-- [ RunTime:0.001050s ]
SQL: SHOW COLUMNS FROM `vv_config` [ RunTime:0.0037s ]
SQL: SELECT * FROM `vv_config`  [ RunTime:0.0011s ]
NOTIC: [8] Undefined index: imei /www/wwwkroot/pxs/Application/Home/Controller/HomeController.class.php 第 33 行.
NOTIC: [8] Undefined index: chapid /www/wwwkroot/pxs/Application/Home/Controller/HomeController.class.php 第 43 行.
NOTIC: [8] unserialize(): Error at offset 75 of 79 bytes /www/wwwkroot/pxs/Application/Home/Controller/HomeController.class.php 第 69 行.
NOTIC: [8] unserialize(): Error at offset 45 of 108 bytes /www/wwwkroot/pxs/Application/Home/Controller/HomeController.class.php 第 69 行.
NOTIC: [8] Undefined index: user_id /www/wwwkroot/pxs/Application/Home/Controller/HomeController.class.php 第 77 行.
SQL: SHOW COLUMNS FROM `vv_user` [ RunTime:0.0010s ]
SQL: SELECT * FROM `vv_user` WHERE `id` = 15 LIMIT 1   [ RunTime:0.0011s ]
NOTIC: [8] Use of undefined constant id - assumed 'id' /www/wwwkroot/pxs/Application/Home/Controller/HomeController.class.php 第 135 行.
SQL: SHOW COLUMNS FROM `vv_data` [ RunTime:0.0013s ]
SQL: SELECT * FROM `vv_data` WHERE ( date=20201210 ) LIMIT 1   [ RunTime:0.0001s ]
SQL: SHOW COLUMNS FROM `vv_order` [ RunTime:0.0010s ]
SQL: SELECT COUNT(*) AS tp_count FROM `vv_order` WHERE `create_time` BETWEEN 1607529600 AND 1607616000 LIMIT 1   [ RunTime:0.0002s ]
SQL: SELECT SUM(money) AS tp_sum FROM `vv_order` WHERE `create_time` BETWEEN 1607529600 AND 1607616000 LIMIT 1   [ RunTime:0.0001s ]
SQL: SELECT COUNT(*) AS tp_count FROM `vv_user` WHERE ( sub_time between 1607529600 and 1607616000 ) LIMIT 1   [ RunTime:0.0001s ]
SQL: INSERT INTO `vv_data` (`orders`,`total`,`subs`,`date`) VALUES ('0','0','0','20201210') [ RunTime:0.0008s ]
NOTIC: [8] Undefined index: isopen /www/wwwkroot/pxs/Application/Home/Controller/HomeController.class.php 第 182 行.
NOTIC: [8] Undefined variable: adsPic /www/wwwkroot/pxs/Application/Home/Controller/HomeController.class.php 第 215 行.
NOTIC: [8] Undefined index: uid /www/wwwkroot/pxs/Application/Home/Controller/HomeController.class.php 第 216 行.
NOTIC: [8] Undefined index: sort /www/wwwkroot/pxs/Application/Home/Controller/MhController.class.php 第 23 行.
SQL: SHOW COLUMNS FROM `vv_mh_list` [ RunTime:0.0018s ]
SQL: SELECT * FROM `vv_mh_list` WHERE `mhcate` LIKE '%5%' ORDER BY id desc LIMIT 6   [ RunTime:0.0021s ]
NOTIC: [8] Undefined index: sort /www/wwwkroot/pxs/Application/Home/Controller/MhController.class.php 第 23 行.
SQL: SELECT * FROM `vv_mh_list` WHERE `mhcate` LIKE '%6%' ORDER BY id desc LIMIT 6   [ RunTime:0.0014s ]
NOTIC: [8] Undefined index: sort /www/wwwkroot/pxs/Application/Home/Controller/MhController.class.php 第 23 行.
SQL: SELECT * FROM `vv_mh_list` WHERE `mhcate` LIKE '%7%' ORDER BY id desc LIMIT 6   [ RunTime:0.0002s ]
NOTIC: [8] Undefined index: sort /www/wwwkroot/pxs/Application/Home/Controller/MhController.class.php 第 23 行.
SQL: SELECT * FROM `vv_mh_list` WHERE `mhcate` LIKE '%8%' ORDER BY id desc LIMIT 6   [ RunTime:0.0018s ]
NOTIC: [8] Undefined index: sort /www/wwwkroot/pxs/Application/Home/Controller/MhController.class.php 第 23 行.
SQL: SELECT * FROM `vv_mh_list` WHERE `mhcate` LIKE '%9%' ORDER BY id desc LIMIT 6   [ RunTime:0.0002s ]
SQL: SELECT * FROM `vv_mh_list` WHERE `free_type` = 1 ORDER BY id desc LIMIT 10   [ RunTime:0.0003s ]
NOTIC: [2] Missing argument 2 for Common\Util\ddwechat::setParam(), called in /www/wwwkroot/pxs/Application/Home/Controller/MhController.class.php on line 32 and defined /www/wwwkroot/pxs/Application/Common/Util/ddwechat.class.php 第 39 行.
INFO: [ view_parse ] --START--
INFO: [ template_filter ] --START--
INFO: Run Behavior\ContentReplaceBehavior [ RunTime:0.000073s ]
INFO: [ template_filter ] --END-- [ RunTime:0.000125s ]
NOTIC: [8] Use of undefined constant id - assumed 'id' /www/wwwkroot/pxs/Application/Runtime/Cache/Home/67199abba7efdab949490dffef721944.php 第 151 行.
NOTIC: [8] Use of undefined constant id - assumed 'id' /www/wwwkroot/pxs/Application/Runtime/Cache/Home/67199abba7efdab949490dffef721944.php 第 151 行.
NOTIC: [8] Use of undefined constant id - assumed 'id' /www/wwwkroot/pxs/Application/Runtime/Cache/Home/67199abba7efdab949490dffef721944.php 第 151 行.
NOTIC: [8] Use of undefined constant id - assumed 'id' /www/wwwkroot/pxs/Application/Runtime/Cache/Home/67199abba7efdab949490dffef721944.php 第 151 行.
NOTIC: [8] Use of undefined constant id - assumed 'id' /www/wwwkroot/pxs/Application/Runtime/Cache/Home/67199abba7efdab949490dffef721944.php 第 151 行.
NOTIC: [8] Use of undefined constant id - assumed 'id' /www/wwwkroot/pxs/Application/Runtime/Cache/Home/67199abba7efdab949490dffef721944.php 第 151 行.
NOTIC: [8] Use of undefined constant id - assumed 'id' /www/wwwkroot/pxs/Application/Runtime/Cache/Home/67199abba7efdab949490dffef721944.php 第 151 行.
NOTIC: [8] Use of undefined constant id - assumed 'id' /www/wwwkroot/pxs/Application/Runtime/Cache/Home/67199abba7efdab949490dffef721944.php 第 151 行.
NOTIC: [8] Use of undefined constant id - assumed 'id' /www/wwwkroot/pxs/Application/Runtime/Cache/Home/67199abba7efdab949490dffef721944.php 第 151 行.
NOTIC: [8] Use of undefined constant id - assumed 'id' /www/wwwkroot/pxs/Application/Runtime/Cache/Home/67199abba7efdab949490dffef721944.php 第 151 行.
NOTIC: [8] Undefined variable: share /www/wwwkroot/pxs/Application/Runtime/Cache/Home/67199abba7efdab949490dffef721944.php 第 227 行.
NOTIC: [8] Undefined variable: share /www/wwwkroot/pxs/Application/Runtime/Cache/Home/67199abba7efdab949490dffef721944.php 第 228 行.
NOTIC: [8] Undefined variable: share /www/wwwkroot/pxs/Application/Runtime/Cache/Home/67199abba7efdab949490dffef721944.php 第 229 行.
NOTIC: [8] Undefined index: thirdcode /www/wwwkroot/pxs/Application/Runtime/Cache/Home/67199abba7efdab949490dffef721944.php 第 276 行.
INFO: Run Behavior\ParseTemplateBehavior [ RunTime:0.036457s ]
INFO: [ view_parse ] --END-- [ RunTime:0.036510s ]
INFO: [ view_filter ] --START--
INFO: Run Behavior\WriteHtmlCacheBehavior [ RunTime:0.000827s ]
INFO: [ view_filter ] --END-- [ RunTime:0.000861s ]
INFO: [ app_end ] --START--
INFO: Run Behavior\ShowPageTraceBehavior [ RunTime:0.000957s ]
INFO: [ app_end ] --END-- [ RunTime:0.000993s ]

