[ 2020-11-30T17:43:19+08:00 ] 120.229.6.60 /efucms.php?m=Admin&c=Admin&a=welcome
INFO: [ app_init ] --START--
INFO: Run Behavior\BuildLiteBehavior [ RunTime:0.000013s ]
INFO: [ app_init ] --END-- [ RunTime:0.000239s ]
INFO: [ app_begin ] --START--
INFO: Run Behavior\ReadHtmlCacheBehavior [ RunTime:0.000409s ]
INFO: [ app_begin ] --END-- [ RunTime:0.000463s ]
INFO: [ view_parse ] --START--
INFO: [ template_filter ] --START--
INFO: Run Behavior\ContentReplaceBehavior [ RunTime:0.000056s ]
INFO: [ template_filter ] --END-- [ RunTime:0.000127s ]
INFO: Run Behavior\ParseTemplateBehavior [ RunTime:0.018153s ]
INFO: [ view_parse ] --END-- [ RunTime:0.018219s ]
INFO: [ view_filter ] --START--
INFO: Run Behavior\WriteHtmlCacheBehavior [ RunTime:0.000157s ]
INFO: [ view_filter ] --END-- [ RunTime:0.000179s ]

[ 2020-11-30T17:43:22+08:00 ] 120.229.6.60 /efucms.php?m=Admin&c=Index&a=login
INFO: [ app_init ] --START--
INFO: Run Behavior\BuildLiteBehavior [ RunTime:0.000013s ]
INFO: [ app_init ] --END-- [ RunTime:0.000266s ]
INFO: [ app_begin ] --START--
INFO: Run Behavior\ReadHtmlCacheBehavior [ RunTime:0.000308s ]
INFO: [ app_begin ] --END-- [ RunTime:0.000340s ]
SQL: SHOW COLUMNS FROM `vv_config` [ RunTime:0.0006s ]
SQL: SELECT * FROM `vv_config`  [ RunTime:0.0002s ]
NOTIC: [8] unserialize(): Error at offset 75 of 79 bytes /www/wwwkroot/pxs/Application/Admin/Controller/AdminController.class.php 第 36 行.
NOTIC: [8] unserialize(): Error at offset 45 of 108 bytes /www/wwwkroot/pxs/Application/Admin/Controller/AdminController.class.php 第 36 行.
INFO: [ view_parse ] --START--
INFO: [ template_filter ] --START--
INFO: Run Behavior\ContentReplaceBehavior [ RunTime:0.000038s ]
INFO: [ template_filter ] --END-- [ RunTime:0.000075s ]
INFO: Run Behavior\ParseTemplateBehavior [ RunTime:0.006099s ]
INFO: [ view_parse ] --END-- [ RunTime:0.006143s ]
INFO: [ view_filter ] --START--
INFO: Run Behavior\WriteHtmlCacheBehavior [ RunTime:0.000117s ]
INFO: [ view_filter ] --END-- [ RunTime:0.000138s ]
INFO: [ app_end ] --START--
INFO: Run Behavior\ShowPageTraceBehavior [ RunTime:0.000357s ]
INFO: [ app_end ] --END-- [ RunTime:0.000392s ]

[ 2020-11-30T17:43:29+08:00 ] 120.229.6.60 /efucms.php?m=Admin&c=Index&a=login
INFO: [ app_init ] --START--
INFO: Run Behavior\BuildLiteBehavior [ RunTime:0.000013s ]
INFO: [ app_init ] --END-- [ RunTime:0.000248s ]
INFO: [ app_begin ] --START--
INFO: Run Behavior\ReadHtmlCacheBehavior [ RunTime:0.000329s ]
INFO: [ app_begin ] --END-- [ RunTime:0.000374s ]
SQL: SHOW COLUMNS FROM `vv_config` [ RunTime:0.0010s ]
SQL: SELECT * FROM `vv_config`  [ RunTime:0.0002s ]
NOTIC: [8] unserialize(): Error at offset 75 of 79 bytes /www/wwwkroot/pxs/Application/Admin/Controller/AdminController.class.php 第 36 行.
NOTIC: [8] unserialize(): Error at offset 45 of 108 bytes /www/wwwkroot/pxs/Application/Admin/Controller/AdminController.class.php 第 36 行.
SQL: SHOW COLUMNS FROM `vv_admin` [ RunTime:0.0045s ]
SQL: SELECT * FROM `vv_admin` WHERE ( username='admin' ) LIMIT 1   [ RunTime:0.0008s ]

[ 2020-11-30T17:43:29+08:00 ] 120.229.6.60 /efucms.php?m=Admin&c=Admin&a=welcome
INFO: [ app_init ] --START--
INFO: Run Behavior\BuildLiteBehavior [ RunTime:0.000011s ]
INFO: [ app_init ] --END-- [ RunTime:0.000217s ]
INFO: [ app_begin ] --START--
INFO: Run Behavior\ReadHtmlCacheBehavior [ RunTime:0.000288s ]
INFO: [ app_begin ] --END-- [ RunTime:0.000317s ]
SQL: SHOW COLUMNS FROM `vv_config` [ RunTime:0.0006s ]
SQL: SELECT * FROM `vv_config`  [ RunTime:0.0002s ]
NOTIC: [8] unserialize(): Error at offset 75 of 79 bytes /www/wwwkroot/pxs/Application/Admin/Controller/AdminController.class.php 第 36 行.
NOTIC: [8] unserialize(): Error at offset 45 of 108 bytes /www/wwwkroot/pxs/Application/Admin/Controller/AdminController.class.php 第 36 行.
NOTIC: [8] Undefined variable: info /www/wwwkroot/pxs/Application/Admin/Controller/AdminController.class.php 第 45 行.
INFO: [ view_parse ] --START--
INFO: [ template_filter ] --START--
INFO: Run Behavior\ContentReplaceBehavior [ RunTime:0.000065s ]
INFO: [ template_filter ] --END-- [ RunTime:0.000106s ]
INFO: Run Behavior\ParseTemplateBehavior [ RunTime:0.017300s ]
INFO: [ view_parse ] --END-- [ RunTime:0.017358s ]
INFO: [ view_filter ] --START--
INFO: Run Behavior\WriteHtmlCacheBehavior [ RunTime:0.000174s ]
INFO: [ view_filter ] --END-- [ RunTime:0.000198s ]
INFO: [ app_end ] --START--
INFO: Run Behavior\ShowPageTraceBehavior [ RunTime:0.000411s ]
INFO: [ app_end ] --END-- [ RunTime:0.000441s ]

[ 2020-11-30T17:43:45+08:00 ] 120.229.6.60 /efucms.php?m=Admin&c=Custom&a=index
INFO: [ app_init ] --START--
INFO: Run Behavior\BuildLiteBehavior [ RunTime:0.000013s ]
INFO: [ app_init ] --END-- [ RunTime:0.000247s ]
INFO: [ app_begin ] --START--
INFO: Run Behavior\ReadHtmlCacheBehavior [ RunTime:0.000323s ]
INFO: [ app_begin ] --END-- [ RunTime:0.000357s ]
SQL: SHOW COLUMNS FROM `vv_config` [ RunTime:0.0006s ]
SQL: SELECT * FROM `vv_config`  [ RunTime:0.0002s ]
NOTIC: [8] unserialize(): Error at offset 75 of 79 bytes /www/wwwkroot/pxs/Application/Admin/Controller/AdminController.class.php 第 36 行.
NOTIC: [8] unserialize(): Error at offset 45 of 108 bytes /www/wwwkroot/pxs/Application/Admin/Controller/AdminController.class.php 第 36 行.
SQL: SHOW COLUMNS FROM `vv_arclist` [ RunTime:0.0034s ]
SQL: SELECT COUNT(*) AS tp_count FROM `vv_arclist` WHERE `pid` = 0 LIMIT 1   [ RunTime:0.0002s ]
SQL: SELECT * FROM `vv_arclist` WHERE `pid` = 0 ORDER BY create_time desc LIMIT 0,25   [ RunTime:0.0002s ]
INFO: [ view_parse ] --START--
INFO: [ template_filter ] --START--
INFO: Run Behavior\ContentReplaceBehavior [ RunTime:0.000056s ]
INFO: [ template_filter ] --END-- [ RunTime:0.000088s ]
INFO: Run Behavior\ParseTemplateBehavior [ RunTime:0.010019s ]
INFO: [ view_parse ] --END-- [ RunTime:0.010057s ]
INFO: [ view_filter ] --START--
INFO: Run Behavior\WriteHtmlCacheBehavior [ RunTime:0.000137s ]
INFO: [ view_filter ] --END-- [ RunTime:0.000156s ]
INFO: [ app_end ] --START--
INFO: Run Behavior\ShowPageTraceBehavior [ RunTime:0.000313s ]
INFO: [ app_end ] --END-- [ RunTime:0.000341s ]

[ 2020-11-30T22:52:44+08:00 ] 120.229.6.60 /efucms.php?m=Admin&c=Custom&a=index
INFO: [ app_init ] --START--
INFO: Run Behavior\BuildLiteBehavior [ RunTime:0.000012s ]
INFO: [ app_init ] --END-- [ RunTime:0.000229s ]
INFO: [ app_begin ] --START--
INFO: Run Behavior\ReadHtmlCacheBehavior [ RunTime:0.000312s ]
INFO: [ app_begin ] --END-- [ RunTime:0.000345s ]
SQL: SHOW COLUMNS FROM `vv_config` [ RunTime:0.0006s ]
SQL: SELECT * FROM `vv_config`  [ RunTime:0.0002s ]
NOTIC: [8] unserialize(): Error at offset 75 of 79 bytes /www/wwwkroot/pxs/Application/Admin/Controller/AdminController.class.php 第 36 行.
NOTIC: [8] unserialize(): Error at offset 45 of 108 bytes /www/wwwkroot/pxs/Application/Admin/Controller/AdminController.class.php 第 36 行.
SQL: SHOW COLUMNS FROM `vv_arclist` [ RunTime:0.0037s ]
SQL: SELECT COUNT(*) AS tp_count FROM `vv_arclist` WHERE `pid` = 0 LIMIT 1   [ RunTime:0.0003s ]
SQL: SELECT * FROM `vv_arclist` WHERE `pid` = 0 ORDER BY create_time desc LIMIT 0,25   [ RunTime:0.0002s ]
INFO: [ view_parse ] --START--
INFO: [ template_filter ] --START--
INFO: Run Behavior\ContentReplaceBehavior [ RunTime:0.000058s ]
INFO: [ template_filter ] --END-- [ RunTime:0.000094s ]
INFO: Run Behavior\ParseTemplateBehavior [ RunTime:0.013824s ]
INFO: [ view_parse ] --END-- [ RunTime:0.013877s ]
INFO: [ view_filter ] --START--
INFO: Run Behavior\WriteHtmlCacheBehavior [ RunTime:0.000163s ]
INFO: [ view_filter ] --END-- [ RunTime:0.000188s ]
INFO: [ app_end ] --START--
INFO: Run Behavior\ShowPageTraceBehavior [ RunTime:0.000482s ]
INFO: [ app_end ] --END-- [ RunTime:0.000514s ]

[ 2020-11-30T23:38:46+08:00 ] 120.229.6.60 /efucms.php?m=Admin&c=Custom&a=index
INFO: [ app_init ] --START--
INFO: Run Behavior\BuildLiteBehavior [ RunTime:0.000013s ]
INFO: [ app_init ] --END-- [ RunTime:0.000233s ]
INFO: [ app_begin ] --START--
INFO: Run Behavior\ReadHtmlCacheBehavior [ RunTime:0.000301s ]
INFO: [ app_begin ] --END-- [ RunTime:0.000332s ]
SQL: SHOW COLUMNS FROM `vv_config` [ RunTime:0.0006s ]
SQL: SELECT * FROM `vv_config`  [ RunTime:0.0002s ]
NOTIC: [8] unserialize(): Error at offset 75 of 79 bytes /www/wwwkroot/pxs/Application/Admin/Controller/AdminController.class.php 第 36 行.
NOTIC: [8] unserialize(): Error at offset 45 of 108 bytes /www/wwwkroot/pxs/Application/Admin/Controller/AdminController.class.php 第 36 行.
SQL: SHOW COLUMNS FROM `vv_arclist` [ RunTime:0.0004s ]
SQL: SELECT COUNT(*) AS tp_count FROM `vv_arclist` WHERE `pid` = 0 LIMIT 1   [ RunTime:0.0003s ]
SQL: SELECT * FROM `vv_arclist` WHERE `pid` = 0 ORDER BY create_time desc LIMIT 0,25   [ RunTime:0.0001s ]
INFO: [ view_parse ] --START--
INFO: [ template_filter ] --START--
INFO: Run Behavior\ContentReplaceBehavior [ RunTime:0.000061s ]
INFO: [ template_filter ] --END-- [ RunTime:0.000092s ]
INFO: Run Behavior\ParseTemplateBehavior [ RunTime:0.008442s ]
INFO: [ view_parse ] --END-- [ RunTime:0.008477s ]
INFO: [ view_filter ] --START--
INFO: Run Behavior\WriteHtmlCacheBehavior [ RunTime:0.000128s ]
INFO: [ view_filter ] --END-- [ RunTime:0.000148s ]
INFO: [ app_end ] --START--
INFO: Run Behavior\ShowPageTraceBehavior [ RunTime:0.000324s ]
INFO: [ app_end ] --END-- [ RunTime:0.000348s ]

[ 2020-11-30T23:38:57+08:00 ] 120.229.6.60 /efucms.php?m=Admin&c=Member&a=index
INFO: [ app_init ] --START--
INFO: Run Behavior\BuildLiteBehavior [ RunTime:0.000011s ]
INFO: [ app_init ] --END-- [ RunTime:0.000246s ]
INFO: [ app_begin ] --START--
INFO: Run Behavior\ReadHtmlCacheBehavior [ RunTime:0.000320s ]
INFO: [ app_begin ] --END-- [ RunTime:0.000351s ]
SQL: SHOW COLUMNS FROM `vv_config` [ RunTime:0.0006s ]
SQL: SELECT * FROM `vv_config`  [ RunTime:0.0002s ]
NOTIC: [8] unserialize(): Error at offset 75 of 79 bytes /www/wwwkroot/pxs/Application/Admin/Controller/AdminController.class.php 第 36 行.
NOTIC: [8] unserialize(): Error at offset 45 of 108 bytes /www/wwwkroot/pxs/Application/Admin/Controller/AdminController.class.php 第 36 行.
SQL: SHOW COLUMNS FROM `vv_member` [ RunTime:0.0259s ]
SQL: SELECT COUNT(*) AS tp_count FROM `vv_member` LIMIT 1   [ RunTime:0.0002s ]
SQL: SELECT * FROM `vv_member` ORDER BY id desc LIMIT 0,25   [ RunTime:0.0008s ]
SQL: SHOW COLUMNS FROM `vv_m_withdraw` [ RunTime:0.0020s ]
SQL: SELECT COUNT(*) AS tp_count FROM `vv_m_withdraw` WHERE `mid` = 1 AND `status` < 2 LIMIT 1   [ RunTime:0.0002s ]
INFO: [ view_parse ] --START--
INFO: [ template_filter ] --START--
INFO: Run Behavior\ContentReplaceBehavior [ RunTime:0.000075s ]
INFO: [ template_filter ] --END-- [ RunTime:0.000107s ]
INFO: Run Behavior\ParseTemplateBehavior [ RunTime:0.010174s ]
INFO: [ view_parse ] --END-- [ RunTime:0.010211s ]
INFO: [ view_filter ] --START--
INFO: Run Behavior\WriteHtmlCacheBehavior [ RunTime:0.000131s ]
INFO: [ view_filter ] --END-- [ RunTime:0.000152s ]
INFO: [ app_end ] --START--
INFO: Run Behavior\ShowPageTraceBehavior [ RunTime:0.000365s ]
INFO: [ app_end ] --END-- [ RunTime:0.000392s ]

[ 2020-11-30T23:39:02+08:00 ] 120.229.6.60 /efucms.php?m=Admin&c=Member&a=getWithCount
INFO: [ app_init ] --START--
INFO: Run Behavior\BuildLiteBehavior [ RunTime:0.000011s ]
INFO: [ app_init ] --END-- [ RunTime:0.000253s ]
INFO: [ app_begin ] --START--
INFO: Run Behavior\ReadHtmlCacheBehavior [ RunTime:0.000303s ]
INFO: [ app_begin ] --END-- [ RunTime:0.000333s ]
SQL: SHOW COLUMNS FROM `vv_config` [ RunTime:0.0006s ]
SQL: SELECT * FROM `vv_config`  [ RunTime:0.0002s ]
NOTIC: [8] unserialize(): Error at offset 75 of 79 bytes /www/wwwkroot/pxs/Application/Admin/Controller/AdminController.class.php 第 36 行.
NOTIC: [8] unserialize(): Error at offset 45 of 108 bytes /www/wwwkroot/pxs/Application/Admin/Controller/AdminController.class.php 第 36 行.
ERR: 非法操作:getWithCount

[ 2020-11-30T23:39:07+08:00 ] 120.229.6.60 /efucms.php?m=Admin&c=Member&a=getWithCount
INFO: [ app_init ] --START--
INFO: Run Behavior\BuildLiteBehavior [ RunTime:0.000011s ]
INFO: [ app_init ] --END-- [ RunTime:0.000240s ]
INFO: [ app_begin ] --START--
INFO: Run Behavior\ReadHtmlCacheBehavior [ RunTime:0.000337s ]
INFO: [ app_begin ] --END-- [ RunTime:0.000375s ]
SQL: SHOW COLUMNS FROM `vv_config` [ RunTime:0.0006s ]
SQL: SELECT * FROM `vv_config`  [ RunTime:0.0002s ]
NOTIC: [8] unserialize(): Error at offset 75 of 79 bytes /www/wwwkroot/pxs/Application/Admin/Controller/AdminController.class.php 第 36 行.
NOTIC: [8] unserialize(): Error at offset 45 of 108 bytes /www/wwwkroot/pxs/Application/Admin/Controller/AdminController.class.php 第 36 行.
ERR: 非法操作:getWithCount

[ 2020-11-30T23:39:10+08:00 ] 120.229.6.60 /efucms.php?m=Admin&c=Index&a=login
INFO: [ app_init ] --START--
INFO: Run Behavior\BuildLiteBehavior [ RunTime:0.000012s ]
INFO: [ app_init ] --END-- [ RunTime:0.000273s ]
INFO: [ app_begin ] --START--
INFO: Run Behavior\ReadHtmlCacheBehavior [ RunTime:0.000339s ]
INFO: [ app_begin ] --END-- [ RunTime:0.000391s ]
SQL: SHOW COLUMNS FROM `vv_config` [ RunTime:0.0006s ]
SQL: SELECT * FROM `vv_config`  [ RunTime:0.0002s ]
NOTIC: [8] unserialize(): Error at offset 75 of 79 bytes /www/wwwkroot/pxs/Application/Admin/Controller/AdminController.class.php 第 36 行.
NOTIC: [8] unserialize(): Error at offset 45 of 108 bytes /www/wwwkroot/pxs/Application/Admin/Controller/AdminController.class.php 第 36 行.
INFO: [ view_parse ] --START--
INFO: [ template_filter ] --START--
INFO: Run Behavior\ContentReplaceBehavior [ RunTime:0.000039s ]
INFO: [ template_filter ] --END-- [ RunTime:0.000076s ]
INFO: Run Behavior\ParseTemplateBehavior [ RunTime:0.006118s ]
INFO: [ view_parse ] --END-- [ RunTime:0.006164s ]
INFO: [ view_filter ] --START--
INFO: Run Behavior\WriteHtmlCacheBehavior [ RunTime:0.000149s ]
INFO: [ view_filter ] --END-- [ RunTime:0.000174s ]
INFO: [ app_end ] --START--
INFO: Run Behavior\ShowPageTraceBehavior [ RunTime:0.000372s ]
INFO: [ app_end ] --END-- [ RunTime:0.000397s ]

[ 2020-11-30T23:39:20+08:00 ] 120.229.6.60 /efucms.php?m=Admin&c=Member&a=index
INFO: [ app_init ] --START--
INFO: Run Behavior\BuildLiteBehavior [ RunTime:0.000011s ]
INFO: [ app_init ] --END-- [ RunTime:0.000225s ]
INFO: [ app_begin ] --START--
INFO: Run Behavior\ReadHtmlCacheBehavior [ RunTime:0.000339s ]
INFO: [ app_begin ] --END-- [ RunTime:0.000376s ]
SQL: SHOW COLUMNS FROM `vv_config` [ RunTime:0.0006s ]
SQL: SELECT * FROM `vv_config`  [ RunTime:0.0002s ]
NOTIC: [8] unserialize(): Error at offset 75 of 79 bytes /www/wwwkroot/pxs/Application/Admin/Controller/AdminController.class.php 第 36 行.
NOTIC: [8] unserialize(): Error at offset 45 of 108 bytes /www/wwwkroot/pxs/Application/Admin/Controller/AdminController.class.php 第 36 行.
SQL: SHOW COLUMNS FROM `vv_member` [ RunTime:0.0005s ]
SQL: SELECT COUNT(*) AS tp_count FROM `vv_member` LIMIT 1   [ RunTime:0.0001s ]
SQL: SELECT * FROM `vv_member` ORDER BY id desc LIMIT 0,25   [ RunTime:0.0001s ]
SQL: SHOW COLUMNS FROM `vv_m_withdraw` [ RunTime:0.0005s ]
SQL: SELECT COUNT(*) AS tp_count FROM `vv_m_withdraw` WHERE `mid` = 1 AND `status` < 2 LIMIT 1   [ RunTime:0.0002s ]
INFO: [ view_parse ] --START--
INFO: [ template_filter ] --START--
INFO: Run Behavior\ContentReplaceBehavior [ RunTime:0.000068s ]
INFO: [ template_filter ] --END-- [ RunTime:0.000100s ]
INFO: Run Behavior\ParseTemplateBehavior [ RunTime:0.009595s ]
INFO: [ view_parse ] --END-- [ RunTime:0.009629s ]
INFO: [ view_filter ] --START--
INFO: Run Behavior\WriteHtmlCacheBehavior [ RunTime:0.000129s ]
INFO: [ view_filter ] --END-- [ RunTime:0.000150s ]
INFO: [ app_end ] --START--
INFO: Run Behavior\ShowPageTraceBehavior [ RunTime:0.000361s ]
INFO: [ app_end ] --END-- [ RunTime:0.000388s ]

[ 2020-11-30T23:39:25+08:00 ] 120.229.6.60 /efucms.php?m=Admin&c=Member&a=getWithCount
INFO: [ app_init ] --START--
INFO: Run Behavior\BuildLiteBehavior [ RunTime:0.000010s ]
INFO: [ app_init ] --END-- [ RunTime:0.000230s ]
INFO: [ app_begin ] --START--
INFO: Run Behavior\ReadHtmlCacheBehavior [ RunTime:0.000360s ]
INFO: [ app_begin ] --END-- [ RunTime:0.000396s ]
SQL: SHOW COLUMNS FROM `vv_config` [ RunTime:0.0006s ]
SQL: SELECT * FROM `vv_config`  [ RunTime:0.0002s ]
NOTIC: [8] unserialize(): Error at offset 75 of 79 bytes /www/wwwkroot/pxs/Application/Admin/Controller/AdminController.class.php 第 36 行.
NOTIC: [8] unserialize(): Error at offset 45 of 108 bytes /www/wwwkroot/pxs/Application/Admin/Controller/AdminController.class.php 第 36 行.
ERR: 非法操作:getWithCount

[ 2020-11-30T23:39:31+08:00 ] 120.229.6.60 /efucms.php?m=Admin&c=Member&a=getWithCount
INFO: [ app_init ] --START--
INFO: Run Behavior\BuildLiteBehavior [ RunTime:0.000011s ]
INFO: [ app_init ] --END-- [ RunTime:0.000252s ]
INFO: [ app_begin ] --START--
INFO: Run Behavior\ReadHtmlCacheBehavior [ RunTime:0.000304s ]
INFO: [ app_begin ] --END-- [ RunTime:0.000332s ]
SQL: SHOW COLUMNS FROM `vv_config` [ RunTime:0.0006s ]
SQL: SELECT * FROM `vv_config`  [ RunTime:0.0002s ]
NOTIC: [8] unserialize(): Error at offset 75 of 79 bytes /www/wwwkroot/pxs/Application/Admin/Controller/AdminController.class.php 第 36 行.
NOTIC: [8] unserialize(): Error at offset 45 of 108 bytes /www/wwwkroot/pxs/Application/Admin/Controller/AdminController.class.php 第 36 行.
ERR: 非法操作:getWithCount

[ 2020-11-30T23:39:36+08:00 ] 120.229.6.60 /efucms.php?m=Admin&c=Member&a=getWithCount
INFO: [ app_init ] --START--
INFO: Run Behavior\BuildLiteBehavior [ RunTime:0.000011s ]
INFO: [ app_init ] --END-- [ RunTime:0.000226s ]
INFO: [ app_begin ] --START--
INFO: Run Behavior\ReadHtmlCacheBehavior [ RunTime:0.000289s ]
INFO: [ app_begin ] --END-- [ RunTime:0.000333s ]
SQL: SHOW COLUMNS FROM `vv_config` [ RunTime:0.0006s ]
SQL: SELECT * FROM `vv_config`  [ RunTime:0.0002s ]
NOTIC: [8] unserialize(): Error at offset 75 of 79 bytes /www/wwwkroot/pxs/Application/Admin/Controller/AdminController.class.php 第 36 行.
NOTIC: [8] unserialize(): Error at offset 45 of 108 bytes /www/wwwkroot/pxs/Application/Admin/Controller/AdminController.class.php 第 36 行.
ERR: 非法操作:getWithCount

[ 2020-11-30T23:39:41+08:00 ] 120.229.6.60 /efucms.php?m=Admin&c=Member&a=getWithCount
INFO: [ app_init ] --START--
INFO: Run Behavior\BuildLiteBehavior [ RunTime:0.000012s ]
INFO: [ app_init ] --END-- [ RunTime:0.000240s ]
INFO: [ app_begin ] --START--
INFO: Run Behavior\ReadHtmlCacheBehavior [ RunTime:0.000309s ]
INFO: [ app_begin ] --END-- [ RunTime:0.000354s ]
SQL: SHOW COLUMNS FROM `vv_config` [ RunTime:0.0006s ]
SQL: SELECT * FROM `vv_config`  [ RunTime:0.0002s ]
NOTIC: [8] unserialize(): Error at offset 75 of 79 bytes /www/wwwkroot/pxs/Application/Admin/Controller/AdminController.class.php 第 36 行.
NOTIC: [8] unserialize(): Error at offset 45 of 108 bytes /www/wwwkroot/pxs/Application/Admin/Controller/AdminController.class.php 第 36 行.
ERR: 非法操作:getWithCount

[ 2020-11-30T23:39:46+08:00 ] 120.229.6.60 /efucms.php?m=Admin&c=Member&a=getWithCount
INFO: [ app_init ] --START--
INFO: Run Behavior\BuildLiteBehavior [ RunTime:0.000011s ]
INFO: [ app_init ] --END-- [ RunTime:0.000228s ]
INFO: [ app_begin ] --START--
INFO: Run Behavior\ReadHtmlCacheBehavior [ RunTime:0.000304s ]
INFO: [ app_begin ] --END-- [ RunTime:0.000347s ]
SQL: SHOW COLUMNS FROM `vv_config` [ RunTime:0.0006s ]
SQL: SELECT * FROM `vv_config`  [ RunTime:0.0002s ]
NOTIC: [8] unserialize(): Error at offset 75 of 79 bytes /www/wwwkroot/pxs/Application/Admin/Controller/AdminController.class.php 第 36 行.
NOTIC: [8] unserialize(): Error at offset 45 of 108 bytes /www/wwwkroot/pxs/Application/Admin/Controller/AdminController.class.php 第 36 行.
ERR: 非法操作:getWithCount

[ 2020-11-30T23:39:51+08:00 ] 120.229.6.60 /efucms.php?m=Admin&c=Member&a=getWithCount
INFO: [ app_init ] --START--
INFO: Run Behavior\BuildLiteBehavior [ RunTime:0.000010s ]
INFO: [ app_init ] --END-- [ RunTime:0.000218s ]
INFO: [ app_begin ] --START--
INFO: Run Behavior\ReadHtmlCacheBehavior [ RunTime:0.000281s ]
INFO: [ app_begin ] --END-- [ RunTime:0.000313s ]
SQL: SHOW COLUMNS FROM `vv_config` [ RunTime:0.0005s ]
SQL: SELECT * FROM `vv_config`  [ RunTime:0.0002s ]
NOTIC: [8] unserialize(): Error at offset 75 of 79 bytes /www/wwwkroot/pxs/Application/Admin/Controller/AdminController.class.php 第 36 行.
NOTIC: [8] unserialize(): Error at offset 45 of 108 bytes /www/wwwkroot/pxs/Application/Admin/Controller/AdminController.class.php 第 36 行.
ERR: 非法操作:getWithCount

[ 2020-11-30T23:39:56+08:00 ] 120.229.6.60 /efucms.php?m=Admin&c=Member&a=getWithCount
INFO: [ app_init ] --START--
INFO: Run Behavior\BuildLiteBehavior [ RunTime:0.000011s ]
INFO: [ app_init ] --END-- [ RunTime:0.000236s ]
INFO: [ app_begin ] --START--
INFO: Run Behavior\ReadHtmlCacheBehavior [ RunTime:0.000319s ]
INFO: [ app_begin ] --END-- [ RunTime:0.000347s ]
SQL: SHOW COLUMNS FROM `vv_config` [ RunTime:0.0006s ]
SQL: SELECT * FROM `vv_config`  [ RunTime:0.0002s ]
NOTIC: [8] unserialize(): Error at offset 75 of 79 bytes /www/wwwkroot/pxs/Application/Admin/Controller/AdminController.class.php 第 36 行.
NOTIC: [8] unserialize(): Error at offset 45 of 108 bytes /www/wwwkroot/pxs/Application/Admin/Controller/AdminController.class.php 第 36 行.
ERR: 非法操作:getWithCount

[ 2020-11-30T23:40:01+08:00 ] 120.229.6.60 /efucms.php?m=Admin&c=Member&a=getWithCount
INFO: [ app_init ] --START--
INFO: Run Behavior\BuildLiteBehavior [ RunTime:0.000011s ]
INFO: [ app_init ] --END-- [ RunTime:0.000249s ]
INFO: [ app_begin ] --START--
INFO: Run Behavior\ReadHtmlCacheBehavior [ RunTime:0.000368s ]
INFO: [ app_begin ] --END-- [ RunTime:0.000411s ]
SQL: SHOW COLUMNS FROM `vv_config` [ RunTime:0.0007s ]
SQL: SELECT * FROM `vv_config`  [ RunTime:0.0002s ]
NOTIC: [8] unserialize(): Error at offset 75 of 79 bytes /www/wwwkroot/pxs/Application/Admin/Controller/AdminController.class.php 第 36 行.
NOTIC: [8] unserialize(): Error at offset 45 of 108 bytes /www/wwwkroot/pxs/Application/Admin/Controller/AdminController.class.php 第 36 行.
ERR: 非法操作:getWithCount

[ 2020-11-30T23:40:06+08:00 ] 120.229.6.60 /efucms.php?m=Admin&c=Member&a=getWithCount
INFO: [ app_init ] --START--
INFO: Run Behavior\BuildLiteBehavior [ RunTime:0.000012s ]
INFO: [ app_init ] --END-- [ RunTime:0.000225s ]
INFO: [ app_begin ] --START--
INFO: Run Behavior\ReadHtmlCacheBehavior [ RunTime:0.000300s ]
INFO: [ app_begin ] --END-- [ RunTime:0.000332s ]
SQL: SHOW COLUMNS FROM `vv_config` [ RunTime:0.0005s ]
SQL: SELECT * FROM `vv_config`  [ RunTime:0.0002s ]
NOTIC: [8] unserialize(): Error at offset 75 of 79 bytes /www/wwwkroot/pxs/Application/Admin/Controller/AdminController.class.php 第 36 行.
NOTIC: [8] unserialize(): Error at offset 45 of 108 bytes /www/wwwkroot/pxs/Application/Admin/Controller/AdminController.class.php 第 36 行.
ERR: 非法操作:getWithCount

[ 2020-11-30T23:40:11+08:00 ] 120.229.6.60 /efucms.php?m=Admin&c=Member&a=getWithCount
INFO: [ app_init ] --START--
INFO: Run Behavior\BuildLiteBehavior [ RunTime:0.000011s ]
INFO: [ app_init ] --END-- [ RunTime:0.000219s ]
INFO: [ app_begin ] --START--
INFO: Run Behavior\ReadHtmlCacheBehavior [ RunTime:0.000281s ]
INFO: [ app_begin ] --END-- [ RunTime:0.000310s ]
SQL: SHOW COLUMNS FROM `vv_config` [ RunTime:0.0006s ]
SQL: SELECT * FROM `vv_config`  [ RunTime:0.0002s ]
NOTIC: [8] unserialize(): Error at offset 75 of 79 bytes /www/wwwkroot/pxs/Application/Admin/Controller/AdminController.class.php 第 36 行.
NOTIC: [8] unserialize(): Error at offset 45 of 108 bytes /www/wwwkroot/pxs/Application/Admin/Controller/AdminController.class.php 第 36 行.
ERR: 非法操作:getWithCount

[ 2020-11-30T23:40:16+08:00 ] 120.229.6.60 /efucms.php?m=Admin&c=Member&a=getWithCount
INFO: [ app_init ] --START--
INFO: Run Behavior\BuildLiteBehavior [ RunTime:0.000012s ]
INFO: [ app_init ] --END-- [ RunTime:0.000269s ]
INFO: [ app_begin ] --START--
INFO: Run Behavior\ReadHtmlCacheBehavior [ RunTime:0.000344s ]
INFO: [ app_begin ] --END-- [ RunTime:0.000391s ]
SQL: SHOW COLUMNS FROM `vv_config` [ RunTime:0.0006s ]
SQL: SELECT * FROM `vv_config`  [ RunTime:0.0002s ]
NOTIC: [8] unserialize(): Error at offset 75 of 79 bytes /www/wwwkroot/pxs/Application/Admin/Controller/AdminController.class.php 第 36 行.
NOTIC: [8] unserialize(): Error at offset 45 of 108 bytes /www/wwwkroot/pxs/Application/Admin/Controller/AdminController.class.php 第 36 行.
ERR: 非法操作:getWithCount

[ 2020-11-30T23:40:21+08:00 ] 120.229.6.60 /efucms.php?m=Admin&c=Member&a=getWithCount
INFO: [ app_init ] --START--
INFO: Run Behavior\BuildLiteBehavior [ RunTime:0.000010s ]
INFO: [ app_init ] --END-- [ RunTime:0.000226s ]
INFO: [ app_begin ] --START--
INFO: Run Behavior\ReadHtmlCacheBehavior [ RunTime:0.000296s ]
INFO: [ app_begin ] --END-- [ RunTime:0.000328s ]
SQL: SHOW COLUMNS FROM `vv_config` [ RunTime:0.0006s ]
SQL: SELECT * FROM `vv_config`  [ RunTime:0.0002s ]
NOTIC: [8] unserialize(): Error at offset 75 of 79 bytes /www/wwwkroot/pxs/Application/Admin/Controller/AdminController.class.php 第 36 行.
NOTIC: [8] unserialize(): Error at offset 45 of 108 bytes /www/wwwkroot/pxs/Application/Admin/Controller/AdminController.class.php 第 36 行.
ERR: 非法操作:getWithCount

[ 2020-11-30T23:40:26+08:00 ] 120.229.6.60 /efucms.php?m=Admin&c=Member&a=getWithCount
INFO: [ app_init ] --START--
INFO: Run Behavior\BuildLiteBehavior [ RunTime:0.000011s ]
INFO: [ app_init ] --END-- [ RunTime:0.000242s ]
INFO: [ app_begin ] --START--
INFO: Run Behavior\ReadHtmlCacheBehavior [ RunTime:0.000407s ]
INFO: [ app_begin ] --END-- [ RunTime:0.000463s ]
SQL: SHOW COLUMNS FROM `vv_config` [ RunTime:0.0006s ]
SQL: SELECT * FROM `vv_config`  [ RunTime:0.0002s ]
NOTIC: [8] unserialize(): Error at offset 75 of 79 bytes /www/wwwkroot/pxs/Application/Admin/Controller/AdminController.class.php 第 36 行.
NOTIC: [8] unserialize(): Error at offset 45 of 108 bytes /www/wwwkroot/pxs/Application/Admin/Controller/AdminController.class.php 第 36 行.
ERR: 非法操作:getWithCount

[ 2020-11-30T23:40:31+08:00 ] 120.229.6.60 /efucms.php?m=Admin&c=Member&a=getWithCount
INFO: [ app_init ] --START--
INFO: Run Behavior\BuildLiteBehavior [ RunTime:0.000012s ]
INFO: [ app_init ] --END-- [ RunTime:0.000255s ]
INFO: [ app_begin ] --START--
INFO: Run Behavior\ReadHtmlCacheBehavior [ RunTime:0.000343s ]
INFO: [ app_begin ] --END-- [ RunTime:0.000373s ]
SQL: SHOW COLUMNS FROM `vv_config` [ RunTime:0.0006s ]
SQL: SELECT * FROM `vv_config`  [ RunTime:0.0002s ]
NOTIC: [8] unserialize(): Error at offset 75 of 79 bytes /www/wwwkroot/pxs/Application/Admin/Controller/AdminController.class.php 第 36 行.
NOTIC: [8] unserialize(): Error at offset 45 of 108 bytes /www/wwwkroot/pxs/Application/Admin/Controller/AdminController.class.php 第 36 行.
ERR: 非法操作:getWithCount

[ 2020-11-30T23:40:36+08:00 ] 120.229.6.60 /efucms.php?m=Admin&c=Member&a=getWithCount
INFO: [ app_init ] --START--
INFO: Run Behavior\BuildLiteBehavior [ RunTime:0.000021s ]
INFO: [ app_init ] --END-- [ RunTime:0.000241s ]
INFO: [ app_begin ] --START--
INFO: Run Behavior\ReadHtmlCacheBehavior [ RunTime:0.000313s ]
INFO: [ app_begin ] --END-- [ RunTime:0.000343s ]
SQL: SHOW COLUMNS FROM `vv_config` [ RunTime:0.0006s ]
SQL: SELECT * FROM `vv_config`  [ RunTime:0.0002s ]
NOTIC: [8] unserialize(): Error at offset 75 of 79 bytes /www/wwwkroot/pxs/Application/Admin/Controller/AdminController.class.php 第 36 行.
NOTIC: [8] unserialize(): Error at offset 45 of 108 bytes /www/wwwkroot/pxs/Application/Admin/Controller/AdminController.class.php 第 36 行.
ERR: 非法操作:getWithCount

[ 2020-11-30T23:40:41+08:00 ] 120.229.6.60 /efucms.php?m=Admin&c=Member&a=getWithCount
INFO: [ app_init ] --START--
INFO: Run Behavior\BuildLiteBehavior [ RunTime:0.000010s ]
INFO: [ app_init ] --END-- [ RunTime:0.000240s ]
INFO: [ app_begin ] --START--
INFO: Run Behavior\ReadHtmlCacheBehavior [ RunTime:0.000370s ]
INFO: [ app_begin ] --END-- [ RunTime:0.000405s ]
SQL: SHOW COLUMNS FROM `vv_config` [ RunTime:0.0006s ]
SQL: SELECT * FROM `vv_config`  [ RunTime:0.0002s ]
NOTIC: [8] unserialize(): Error at offset 75 of 79 bytes /www/wwwkroot/pxs/Application/Admin/Controller/AdminController.class.php 第 36 行.
NOTIC: [8] unserialize(): Error at offset 45 of 108 bytes /www/wwwkroot/pxs/Application/Admin/Controller/AdminController.class.php 第 36 行.
ERR: 非法操作:getWithCount

[ 2020-11-30T23:40:46+08:00 ] 120.229.6.60 /efucms.php?m=Admin&c=Member&a=getWithCount
INFO: [ app_init ] --START--
INFO: Run Behavior\BuildLiteBehavior [ RunTime:0.000012s ]
INFO: [ app_init ] --END-- [ RunTime:0.000274s ]
INFO: [ app_begin ] --START--
INFO: Run Behavior\ReadHtmlCacheBehavior [ RunTime:0.000315s ]
INFO: [ app_begin ] --END-- [ RunTime:0.000351s ]
SQL: SHOW COLUMNS FROM `vv_config` [ RunTime:0.0006s ]
SQL: SELECT * FROM `vv_config`  [ RunTime:0.0002s ]
NOTIC: [8] unserialize(): Error at offset 75 of 79 bytes /www/wwwkroot/pxs/Application/Admin/Controller/AdminController.class.php 第 36 行.
NOTIC: [8] unserialize(): Error at offset 45 of 108 bytes /www/wwwkroot/pxs/Application/Admin/Controller/AdminController.class.php 第 36 行.
ERR: 非法操作:getWithCount

[ 2020-11-30T23:40:51+08:00 ] 120.229.6.60 /efucms.php?m=Admin&c=Member&a=getWithCount
INFO: [ app_init ] --START--
INFO: Run Behavior\BuildLiteBehavior [ RunTime:0.000011s ]
INFO: [ app_init ] --END-- [ RunTime:0.000245s ]
INFO: [ app_begin ] --START--
INFO: Run Behavior\ReadHtmlCacheBehavior [ RunTime:0.000306s ]
INFO: [ app_begin ] --END-- [ RunTime:0.000336s ]
SQL: SHOW COLUMNS FROM `vv_config` [ RunTime:0.0006s ]
SQL: SELECT * FROM `vv_config`  [ RunTime:0.0002s ]
NOTIC: [8] unserialize(): Error at offset 75 of 79 bytes /www/wwwkroot/pxs/Application/Admin/Controller/AdminController.class.php 第 36 行.
NOTIC: [8] unserialize(): Error at offset 45 of 108 bytes /www/wwwkroot/pxs/Application/Admin/Controller/AdminController.class.php 第 36 行.
ERR: 非法操作:getWithCount

[ 2020-11-30T23:40:56+08:00 ] 120.229.6.60 /efucms.php?m=Admin&c=Member&a=getWithCount
INFO: [ app_init ] --START--
INFO: Run Behavior\BuildLiteBehavior [ RunTime:0.000010s ]
INFO: [ app_init ] --END-- [ RunTime:0.000224s ]
INFO: [ app_begin ] --START--
INFO: Run Behavior\ReadHtmlCacheBehavior [ RunTime:0.000284s ]
INFO: [ app_begin ] --END-- [ RunTime:0.000323s ]
SQL: SHOW COLUMNS FROM `vv_config` [ RunTime:0.0006s ]
SQL: SELECT * FROM `vv_config`  [ RunTime:0.0002s ]
NOTIC: [8] unserialize(): Error at offset 75 of 79 bytes /www/wwwkroot/pxs/Application/Admin/Controller/AdminController.class.php 第 36 行.
NOTIC: [8] unserialize(): Error at offset 45 of 108 bytes /www/wwwkroot/pxs/Application/Admin/Controller/AdminController.class.php 第 36 行.
ERR: 非法操作:getWithCount

[ 2020-11-30T23:41:01+08:00 ] 120.229.6.60 /efucms.php?m=Admin&c=Member&a=getWithCount
INFO: [ app_init ] --START--
INFO: Run Behavior\BuildLiteBehavior [ RunTime:0.000011s ]
INFO: [ app_init ] --END-- [ RunTime:0.000228s ]
INFO: [ app_begin ] --START--
INFO: Run Behavior\ReadHtmlCacheBehavior [ RunTime:0.000301s ]
INFO: [ app_begin ] --END-- [ RunTime:0.000333s ]
SQL: SHOW COLUMNS FROM `vv_config` [ RunTime:0.0006s ]
SQL: SELECT * FROM `vv_config`  [ RunTime:0.0002s ]
NOTIC: [8] unserialize(): Error at offset 75 of 79 bytes /www/wwwkroot/pxs/Application/Admin/Controller/AdminController.class.php 第 36 行.
NOTIC: [8] unserialize(): Error at offset 45 of 108 bytes /www/wwwkroot/pxs/Application/Admin/Controller/AdminController.class.php 第 36 行.
ERR: 非法操作:getWithCount

[ 2020-11-30T23:41:06+08:00 ] 120.229.6.60 /efucms.php?m=Admin&c=Member&a=getWithCount
INFO: [ app_init ] --START--
INFO: Run Behavior\BuildLiteBehavior [ RunTime:0.000021s ]
INFO: [ app_init ] --END-- [ RunTime:0.000230s ]
INFO: [ app_begin ] --START--
INFO: Run Behavior\ReadHtmlCacheBehavior [ RunTime:0.000296s ]
INFO: [ app_begin ] --END-- [ RunTime:0.000326s ]
SQL: SHOW COLUMNS FROM `vv_config` [ RunTime:0.0006s ]
SQL: SELECT * FROM `vv_config`  [ RunTime:0.0002s ]
NOTIC: [8] unserialize(): Error at offset 75 of 79 bytes /www/wwwkroot/pxs/Application/Admin/Controller/AdminController.class.php 第 36 行.
NOTIC: [8] unserialize(): Error at offset 45 of 108 bytes /www/wwwkroot/pxs/Application/Admin/Controller/AdminController.class.php 第 36 行.
ERR: 非法操作:getWithCount

[ 2020-11-30T23:41:11+08:00 ] 120.229.6.60 /efucms.php?m=Admin&c=Member&a=getWithCount
INFO: [ app_init ] --START--
INFO: Run Behavior\BuildLiteBehavior [ RunTime:0.000011s ]
INFO: [ app_init ] --END-- [ RunTime:0.000217s ]
INFO: [ app_begin ] --START--
INFO: Run Behavior\ReadHtmlCacheBehavior [ RunTime:0.000282s ]
INFO: [ app_begin ] --END-- [ RunTime:0.000311s ]
SQL: SHOW COLUMNS FROM `vv_config` [ RunTime:0.0007s ]
SQL: SELECT * FROM `vv_config`  [ RunTime:0.0002s ]
NOTIC: [8] unserialize(): Error at offset 75 of 79 bytes /www/wwwkroot/pxs/Application/Admin/Controller/AdminController.class.php 第 36 行.
NOTIC: [8] unserialize(): Error at offset 45 of 108 bytes /www/wwwkroot/pxs/Application/Admin/Controller/AdminController.class.php 第 36 行.
ERR: 非法操作:getWithCount

[ 2020-11-30T23:41:14+08:00 ] 120.229.6.60 /efucms.php?m=Admin&c=Member&a=index
INFO: [ app_init ] --START--
INFO: Run Behavior\BuildLiteBehavior [ RunTime:0.000011s ]
INFO: [ app_init ] --END-- [ RunTime:0.000223s ]
INFO: [ app_begin ] --START--
INFO: Run Behavior\ReadHtmlCacheBehavior [ RunTime:0.000292s ]
INFO: [ app_begin ] --END-- [ RunTime:0.000321s ]
SQL: SHOW COLUMNS FROM `vv_config` [ RunTime:0.0006s ]
SQL: SELECT * FROM `vv_config`  [ RunTime:0.0002s ]
NOTIC: [8] unserialize(): Error at offset 75 of 79 bytes /www/wwwkroot/pxs/Application/Admin/Controller/AdminController.class.php 第 36 行.
NOTIC: [8] unserialize(): Error at offset 45 of 108 bytes /www/wwwkroot/pxs/Application/Admin/Controller/AdminController.class.php 第 36 行.
SQL: SHOW COLUMNS FROM `vv_member` [ RunTime:0.0005s ]
SQL: SELECT COUNT(*) AS tp_count FROM `vv_member` LIMIT 1   [ RunTime:0.0001s ]
SQL: SELECT * FROM `vv_member` ORDER BY id desc LIMIT 0,25   [ RunTime:0.0002s ]
SQL: SHOW COLUMNS FROM `vv_m_withdraw` [ RunTime:0.0005s ]
SQL: SELECT COUNT(*) AS tp_count FROM `vv_m_withdraw` WHERE `mid` = 1 AND `status` < 2 LIMIT 1   [ RunTime:0.0002s ]
INFO: [ view_parse ] --START--
INFO: [ template_filter ] --START--
INFO: Run Behavior\ContentReplaceBehavior [ RunTime:0.000059s ]
INFO: [ template_filter ] --END-- [ RunTime:0.000089s ]
INFO: Run Behavior\ParseTemplateBehavior [ RunTime:0.009799s ]
INFO: [ view_parse ] --END-- [ RunTime:0.009839s ]
INFO: [ view_filter ] --START--
INFO: Run Behavior\WriteHtmlCacheBehavior [ RunTime:0.000174s ]
INFO: [ view_filter ] --END-- [ RunTime:0.000203s ]
INFO: [ app_end ] --START--
INFO: Run Behavior\ShowPageTraceBehavior [ RunTime:0.000473s ]
INFO: [ app_end ] --END-- [ RunTime:0.000513s ]

[ 2020-11-30T23:41:20+08:00 ] 120.229.6.60 /efucms.php?m=Admin&c=Member&a=getWithCount
INFO: [ app_init ] --START--
INFO: Run Behavior\BuildLiteBehavior [ RunTime:0.000010s ]
INFO: [ app_init ] --END-- [ RunTime:0.000231s ]
INFO: [ app_begin ] --START--
INFO: Run Behavior\ReadHtmlCacheBehavior [ RunTime:0.000330s ]
INFO: [ app_begin ] --END-- [ RunTime:0.000364s ]
SQL: SHOW COLUMNS FROM `vv_config` [ RunTime:0.0005s ]
SQL: SELECT * FROM `vv_config`  [ RunTime:0.0002s ]
NOTIC: [8] unserialize(): Error at offset 75 of 79 bytes /www/wwwkroot/pxs/Application/Admin/Controller/AdminController.class.php 第 36 行.
NOTIC: [8] unserialize(): Error at offset 45 of 108 bytes /www/wwwkroot/pxs/Application/Admin/Controller/AdminController.class.php 第 36 行.
ERR: 非法操作:getWithCount

[ 2020-11-30T23:41:25+08:00 ] 120.229.6.60 /efucms.php?m=Admin&c=Member&a=getWithCount
INFO: [ app_init ] --START--
INFO: Run Behavior\BuildLiteBehavior [ RunTime:0.000010s ]
INFO: [ app_init ] --END-- [ RunTime:0.000211s ]
INFO: [ app_begin ] --START--
INFO: Run Behavior\ReadHtmlCacheBehavior [ RunTime:0.000281s ]
INFO: [ app_begin ] --END-- [ RunTime:0.000311s ]
SQL: SHOW COLUMNS FROM `vv_config` [ RunTime:0.0006s ]
SQL: SELECT * FROM `vv_config`  [ RunTime:0.0002s ]
NOTIC: [8] unserialize(): Error at offset 75 of 79 bytes /www/wwwkroot/pxs/Application/Admin/Controller/AdminController.class.php 第 36 行.
NOTIC: [8] unserialize(): Error at offset 45 of 108 bytes /www/wwwkroot/pxs/Application/Admin/Controller/AdminController.class.php 第 36 行.
ERR: 非法操作:getWithCount

[ 2020-11-30T23:41:30+08:00 ] 120.229.6.60 /efucms.php?m=Admin&c=Member&a=getWithCount
INFO: [ app_init ] --START--
INFO: Run Behavior\BuildLiteBehavior [ RunTime:0.000011s ]
INFO: [ app_init ] --END-- [ RunTime:0.000219s ]
INFO: [ app_begin ] --START--
INFO: Run Behavior\ReadHtmlCacheBehavior [ RunTime:0.000291s ]
INFO: [ app_begin ] --END-- [ RunTime:0.000335s ]
SQL: SHOW COLUMNS FROM `vv_config` [ RunTime:0.0006s ]
SQL: SELECT * FROM `vv_config`  [ RunTime:0.0002s ]
NOTIC: [8] unserialize(): Error at offset 75 of 79 bytes /www/wwwkroot/pxs/Application/Admin/Controller/AdminController.class.php 第 36 行.
NOTIC: [8] unserialize(): Error at offset 45 of 108 bytes /www/wwwkroot/pxs/Application/Admin/Controller/AdminController.class.php 第 36 行.
ERR: 非法操作:getWithCount

[ 2020-11-30T23:41:35+08:00 ] 120.229.6.60 /efucms.php?m=Admin&c=Member&a=getWithCount
INFO: [ app_init ] --START--
INFO: Run Behavior\BuildLiteBehavior [ RunTime:0.000013s ]
INFO: [ app_init ] --END-- [ RunTime:0.000271s ]
INFO: [ app_begin ] --START--
INFO: Run Behavior\ReadHtmlCacheBehavior [ RunTime:0.000322s ]
INFO: [ app_begin ] --END-- [ RunTime:0.000358s ]
SQL: SHOW COLUMNS FROM `vv_config` [ RunTime:0.0006s ]
SQL: SELECT * FROM `vv_config`  [ RunTime:0.0002s ]
NOTIC: [8] unserialize(): Error at offset 75 of 79 bytes /www/wwwkroot/pxs/Application/Admin/Controller/AdminController.class.php 第 36 行.
NOTIC: [8] unserialize(): Error at offset 45 of 108 bytes /www/wwwkroot/pxs/Application/Admin/Controller/AdminController.class.php 第 36 行.
ERR: 非法操作:getWithCount

[ 2020-11-30T23:41:40+08:00 ] 120.229.6.60 /efucms.php?m=Admin&c=Member&a=getWithCount
INFO: [ app_init ] --START--
INFO: Run Behavior\BuildLiteBehavior [ RunTime:0.000011s ]
INFO: [ app_init ] --END-- [ RunTime:0.000243s ]
INFO: [ app_begin ] --START--
INFO: Run Behavior\ReadHtmlCacheBehavior [ RunTime:0.000337s ]
INFO: [ app_begin ] --END-- [ RunTime:0.000387s ]
SQL: SHOW COLUMNS FROM `vv_config` [ RunTime:0.0006s ]
SQL: SELECT * FROM `vv_config`  [ RunTime:0.0002s ]
NOTIC: [8] unserialize(): Error at offset 75 of 79 bytes /www/wwwkroot/pxs/Application/Admin/Controller/AdminController.class.php 第 36 行.
NOTIC: [8] unserialize(): Error at offset 45 of 108 bytes /www/wwwkroot/pxs/Application/Admin/Controller/AdminController.class.php 第 36 行.
ERR: 非法操作:getWithCount

[ 2020-11-30T23:41:45+08:00 ] 120.229.6.60 /efucms.php?m=Admin&c=Member&a=getWithCount
INFO: [ app_init ] --START--
INFO: Run Behavior\BuildLiteBehavior [ RunTime:0.000015s ]
INFO: [ app_init ] --END-- [ RunTime:0.000257s ]
INFO: [ app_begin ] --START--
INFO: Run Behavior\ReadHtmlCacheBehavior [ RunTime:0.000337s ]
INFO: [ app_begin ] --END-- [ RunTime:0.000381s ]
SQL: SHOW COLUMNS FROM `vv_config` [ RunTime:0.0007s ]
SQL: SELECT * FROM `vv_config`  [ RunTime:0.0002s ]
NOTIC: [8] unserialize(): Error at offset 75 of 79 bytes /www/wwwkroot/pxs/Application/Admin/Controller/AdminController.class.php 第 36 行.
NOTIC: [8] unserialize(): Error at offset 45 of 108 bytes /www/wwwkroot/pxs/Application/Admin/Controller/AdminController.class.php 第 36 行.
ERR: 非法操作:getWithCount

[ 2020-11-30T23:41:50+08:00 ] 120.229.6.60 /efucms.php?m=Admin&c=Member&a=getWithCount
INFO: [ app_init ] --START--
INFO: Run Behavior\BuildLiteBehavior [ RunTime:0.000012s ]
INFO: [ app_init ] --END-- [ RunTime:0.000242s ]
INFO: [ app_begin ] --START--
INFO: Run Behavior\ReadHtmlCacheBehavior [ RunTime:0.000306s ]
INFO: [ app_begin ] --END-- [ RunTime:0.000337s ]
SQL: SHOW COLUMNS FROM `vv_config` [ RunTime:0.0006s ]
SQL: SELECT * FROM `vv_config`  [ RunTime:0.0003s ]
NOTIC: [8] unserialize(): Error at offset 75 of 79 bytes /www/wwwkroot/pxs/Application/Admin/Controller/AdminController.class.php 第 36 行.
NOTIC: [8] unserialize(): Error at offset 45 of 108 bytes /www/wwwkroot/pxs/Application/Admin/Controller/AdminController.class.php 第 36 行.
ERR: 非法操作:getWithCount

[ 2020-11-30T23:41:55+08:00 ] 120.229.6.60 /efucms.php?m=Admin&c=Member&a=getWithCount
INFO: [ app_init ] --START--
INFO: Run Behavior\BuildLiteBehavior [ RunTime:0.000011s ]
INFO: [ app_init ] --END-- [ RunTime:0.000249s ]
INFO: [ app_begin ] --START--
INFO: Run Behavior\ReadHtmlCacheBehavior [ RunTime:0.000336s ]
INFO: [ app_begin ] --END-- [ RunTime:0.000369s ]
SQL: SHOW COLUMNS FROM `vv_config` [ RunTime:0.0008s ]
SQL: SELECT * FROM `vv_config`  [ RunTime:0.0002s ]
NOTIC: [8] unserialize(): Error at offset 75 of 79 bytes /www/wwwkroot/pxs/Application/Admin/Controller/AdminController.class.php 第 36 行.
NOTIC: [8] unserialize(): Error at offset 45 of 108 bytes /www/wwwkroot/pxs/Application/Admin/Controller/AdminController.class.php 第 36 行.
ERR: 非法操作:getWithCount

[ 2020-11-30T23:42:00+08:00 ] 120.229.6.60 /efucms.php?m=Admin&c=Member&a=getWithCount
INFO: [ app_init ] --START--
INFO: Run Behavior\BuildLiteBehavior [ RunTime:0.000013s ]
INFO: [ app_init ] --END-- [ RunTime:0.000272s ]
INFO: [ app_begin ] --START--
INFO: Run Behavior\ReadHtmlCacheBehavior [ RunTime:0.000339s ]
INFO: [ app_begin ] --END-- [ RunTime:0.000377s ]
SQL: SHOW COLUMNS FROM `vv_config` [ RunTime:0.0006s ]
SQL: SELECT * FROM `vv_config`  [ RunTime:0.0002s ]
NOTIC: [8] unserialize(): Error at offset 75 of 79 bytes /www/wwwkroot/pxs/Application/Admin/Controller/AdminController.class.php 第 36 行.
NOTIC: [8] unserialize(): Error at offset 45 of 108 bytes /www/wwwkroot/pxs/Application/Admin/Controller/AdminController.class.php 第 36 行.
ERR: 非法操作:getWithCount

[ 2020-11-30T23:42:05+08:00 ] 120.229.6.60 /efucms.php?m=Admin&c=Member&a=getWithCount
INFO: [ app_init ] --START--
INFO: Run Behavior\BuildLiteBehavior [ RunTime:0.000010s ]
INFO: [ app_init ] --END-- [ RunTime:0.000238s ]
INFO: [ app_begin ] --START--
INFO: Run Behavior\ReadHtmlCacheBehavior [ RunTime:0.000321s ]
INFO: [ app_begin ] --END-- [ RunTime:0.000355s ]
SQL: SHOW COLUMNS FROM `vv_config` [ RunTime:0.0005s ]
SQL: SELECT * FROM `vv_config`  [ RunTime:0.0002s ]
NOTIC: [8] unserialize(): Error at offset 75 of 79 bytes /www/wwwkroot/pxs/Application/Admin/Controller/AdminController.class.php 第 36 行.
NOTIC: [8] unserialize(): Error at offset 45 of 108 bytes /www/wwwkroot/pxs/Application/Admin/Controller/AdminController.class.php 第 36 行.
ERR: 非法操作:getWithCount

[ 2020-11-30T23:42:10+08:00 ] 120.229.6.60 /efucms.php?m=Admin&c=Member&a=getWithCount
INFO: [ app_init ] --START--
INFO: Run Behavior\BuildLiteBehavior [ RunTime:0.000011s ]
INFO: [ app_init ] --END-- [ RunTime:0.000227s ]
INFO: [ app_begin ] --START--
INFO: Run Behavior\ReadHtmlCacheBehavior [ RunTime:0.000306s ]
INFO: [ app_begin ] --END-- [ RunTime:0.000341s ]
SQL: SHOW COLUMNS FROM `vv_config` [ RunTime:0.0006s ]
SQL: SELECT * FROM `vv_config`  [ RunTime:0.0002s ]
NOTIC: [8] unserialize(): Error at offset 75 of 79 bytes /www/wwwkroot/pxs/Application/Admin/Controller/AdminController.class.php 第 36 行.
NOTIC: [8] unserialize(): Error at offset 45 of 108 bytes /www/wwwkroot/pxs/Application/Admin/Controller/AdminController.class.php 第 36 行.
ERR: 非法操作:getWithCount

[ 2020-11-30T23:42:15+08:00 ] 120.229.6.60 /efucms.php?m=Admin&c=Member&a=getWithCount
INFO: [ app_init ] --START--
INFO: Run Behavior\BuildLiteBehavior [ RunTime:0.000010s ]
INFO: [ app_init ] --END-- [ RunTime:0.000236s ]
INFO: [ app_begin ] --START--
INFO: Run Behavior\ReadHtmlCacheBehavior [ RunTime:0.000310s ]
INFO: [ app_begin ] --END-- [ RunTime:0.000343s ]
SQL: SHOW COLUMNS FROM `vv_config` [ RunTime:0.0005s ]
SQL: SELECT * FROM `vv_config`  [ RunTime:0.0002s ]
NOTIC: [8] unserialize(): Error at offset 75 of 79 bytes /www/wwwkroot/pxs/Application/Admin/Controller/AdminController.class.php 第 36 行.
NOTIC: [8] unserialize(): Error at offset 45 of 108 bytes /www/wwwkroot/pxs/Application/Admin/Controller/AdminController.class.php 第 36 行.
ERR: 非法操作:getWithCount

[ 2020-11-30T23:42:18+08:00 ] 120.229.6.60 /efucms.php?m=Admin&c=Member&a=index
INFO: [ app_init ] --START--
INFO: Run Behavior\BuildLiteBehavior [ RunTime:0.000013s ]
INFO: [ app_init ] --END-- [ RunTime:0.000241s ]
INFO: [ app_begin ] --START--
INFO: Run Behavior\ReadHtmlCacheBehavior [ RunTime:0.000318s ]
INFO: [ app_begin ] --END-- [ RunTime:0.000349s ]
SQL: SHOW COLUMNS FROM `vv_config` [ RunTime:0.0006s ]
SQL: SELECT * FROM `vv_config`  [ RunTime:0.0002s ]
NOTIC: [8] unserialize(): Error at offset 75 of 79 bytes /www/wwwkroot/pxs/Application/Admin/Controller/AdminController.class.php 第 36 行.
NOTIC: [8] unserialize(): Error at offset 45 of 108 bytes /www/wwwkroot/pxs/Application/Admin/Controller/AdminController.class.php 第 36 行.
SQL: SHOW COLUMNS FROM `vv_member` [ RunTime:0.0009s ]
SQL: SELECT COUNT(*) AS tp_count FROM `vv_member` LIMIT 1   [ RunTime:0.0002s ]
SQL: SELECT * FROM `vv_member` ORDER BY id desc LIMIT 0,25   [ RunTime:0.0002s ]
SQL: SHOW COLUMNS FROM `vv_m_withdraw` [ RunTime:0.0004s ]
SQL: SELECT COUNT(*) AS tp_count FROM `vv_m_withdraw` WHERE `mid` = 1 AND `status` < 2 LIMIT 1   [ RunTime:0.0002s ]
INFO: [ view_parse ] --START--
INFO: [ template_filter ] --START--
INFO: Run Behavior\ContentReplaceBehavior [ RunTime:0.000060s ]
INFO: [ template_filter ] --END-- [ RunTime:0.000096s ]
INFO: Run Behavior\ParseTemplateBehavior [ RunTime:0.009905s ]
INFO: [ view_parse ] --END-- [ RunTime:0.009939s ]
INFO: [ view_filter ] --START--
INFO: Run Behavior\WriteHtmlCacheBehavior [ RunTime:0.000136s ]
INFO: [ view_filter ] --END-- [ RunTime:0.000160s ]
INFO: [ app_end ] --START--
INFO: Run Behavior\ShowPageTraceBehavior [ RunTime:0.000374s ]
INFO: [ app_end ] --END-- [ RunTime:0.000416s ]

[ 2020-11-30T23:42:19+08:00 ] 120.229.6.60 /efucms.php?m=Admin&c=Member&a=index
INFO: [ app_init ] --START--
INFO: Run Behavior\BuildLiteBehavior [ RunTime:0.000011s ]
INFO: [ app_init ] --END-- [ RunTime:0.000247s ]
INFO: [ app_begin ] --START--
INFO: Run Behavior\ReadHtmlCacheBehavior [ RunTime:0.000307s ]
INFO: [ app_begin ] --END-- [ RunTime:0.000350s ]
SQL: SHOW COLUMNS FROM `vv_config` [ RunTime:0.0006s ]
SQL: SELECT * FROM `vv_config`  [ RunTime:0.0002s ]
NOTIC: [8] unserialize(): Error at offset 75 of 79 bytes /www/wwwkroot/pxs/Application/Admin/Controller/AdminController.class.php 第 36 行.
NOTIC: [8] unserialize(): Error at offset 45 of 108 bytes /www/wwwkroot/pxs/Application/Admin/Controller/AdminController.class.php 第 36 行.
SQL: SHOW COLUMNS FROM `vv_member` [ RunTime:0.0005s ]
SQL: SELECT COUNT(*) AS tp_count FROM `vv_member` LIMIT 1   [ RunTime:0.0001s ]
SQL: SELECT * FROM `vv_member` ORDER BY id desc LIMIT 0,25   [ RunTime:0.0001s ]
SQL: SHOW COLUMNS FROM `vv_m_withdraw` [ RunTime:0.0005s ]
SQL: SELECT COUNT(*) AS tp_count FROM `vv_m_withdraw` WHERE `mid` = 1 AND `status` < 2 LIMIT 1   [ RunTime:0.0002s ]
INFO: [ view_parse ] --START--
INFO: [ template_filter ] --START--
INFO: Run Behavior\ContentReplaceBehavior [ RunTime:0.000062s ]
INFO: [ template_filter ] --END-- [ RunTime:0.000097s ]
INFO: Run Behavior\ParseTemplateBehavior [ RunTime:0.009455s ]
INFO: [ view_parse ] --END-- [ RunTime:0.009488s ]
INFO: [ view_filter ] --START--
INFO: Run Behavior\WriteHtmlCacheBehavior [ RunTime:0.000133s ]
INFO: [ view_filter ] --END-- [ RunTime:0.000152s ]
INFO: [ app_end ] --START--
INFO: Run Behavior\ShowPageTraceBehavior [ RunTime:0.000324s ]
INFO: [ app_end ] --END-- [ RunTime:0.000350s ]

[ 2020-11-30T23:42:24+08:00 ] 120.229.6.60 /efucms.php?m=Admin&c=Member&a=getWithCount
INFO: [ app_init ] --START--
INFO: Run Behavior\BuildLiteBehavior [ RunTime:0.000010s ]
INFO: [ app_init ] --END-- [ RunTime:0.000224s ]
INFO: [ app_begin ] --START--
INFO: Run Behavior\ReadHtmlCacheBehavior [ RunTime:0.000290s ]
INFO: [ app_begin ] --END-- [ RunTime:0.000319s ]
SQL: SHOW COLUMNS FROM `vv_config` [ RunTime:0.0010s ]
SQL: SELECT * FROM `vv_config`  [ RunTime:0.0002s ]
NOTIC: [8] unserialize(): Error at offset 75 of 79 bytes /www/wwwkroot/pxs/Application/Admin/Controller/AdminController.class.php 第 36 行.
NOTIC: [8] unserialize(): Error at offset 45 of 108 bytes /www/wwwkroot/pxs/Application/Admin/Controller/AdminController.class.php 第 36 行.
ERR: 非法操作:getWithCount

[ 2020-11-30T23:42:29+08:00 ] 120.229.6.60 /efucms.php?m=Admin&c=Member&a=getWithCount
INFO: [ app_init ] --START--
INFO: Run Behavior\BuildLiteBehavior [ RunTime:0.000010s ]
INFO: [ app_init ] --END-- [ RunTime:0.000230s ]
INFO: [ app_begin ] --START--
INFO: Run Behavior\ReadHtmlCacheBehavior [ RunTime:0.000300s ]
INFO: [ app_begin ] --END-- [ RunTime:0.000331s ]
SQL: SHOW COLUMNS FROM `vv_config` [ RunTime:0.0007s ]
SQL: SELECT * FROM `vv_config`  [ RunTime:0.0002s ]
NOTIC: [8] unserialize(): Error at offset 75 of 79 bytes /www/wwwkroot/pxs/Application/Admin/Controller/AdminController.class.php 第 36 行.
NOTIC: [8] unserialize(): Error at offset 45 of 108 bytes /www/wwwkroot/pxs/Application/Admin/Controller/AdminController.class.php 第 36 行.
ERR: 非法操作:getWithCount

[ 2020-11-30T23:42:31+08:00 ] 120.229.6.60 /efucms.php?m=Admin&c=Member&a=edit&id=1
INFO: [ app_init ] --START--
INFO: Run Behavior\BuildLiteBehavior [ RunTime:0.000014s ]
INFO: [ app_init ] --END-- [ RunTime:0.000284s ]
INFO: [ app_begin ] --START--
INFO: Run Behavior\ReadHtmlCacheBehavior [ RunTime:0.000361s ]
INFO: [ app_begin ] --END-- [ RunTime:0.000401s ]
SQL: SHOW COLUMNS FROM `vv_config` [ RunTime:0.0006s ]
SQL: SELECT * FROM `vv_config`  [ RunTime:0.0002s ]
NOTIC: [8] unserialize(): Error at offset 75 of 79 bytes /www/wwwkroot/pxs/Application/Admin/Controller/AdminController.class.php 第 36 行.
NOTIC: [8] unserialize(): Error at offset 45 of 108 bytes /www/wwwkroot/pxs/Application/Admin/Controller/AdminController.class.php 第 36 行.
SQL: SHOW COLUMNS FROM `vv_member` [ RunTime:0.0005s ]
SQL: SELECT * FROM `vv_member` WHERE `id` = 1 LIMIT 1   [ RunTime:0.0002s ]
INFO: [ view_parse ] --START--
INFO: [ template_filter ] --START--
INFO: Run Behavior\ContentReplaceBehavior [ RunTime:0.000088s ]
INFO: [ template_filter ] --END-- [ RunTime:0.000128s ]
NOTIC: [8] Undefined index: gqrcode /www/wwwkroot/pxs/Application/Runtime/Cache/Admin/615a4d9a13eca73e3f56e9489b97f800.php 第 316 行.
INFO: Run Behavior\ParseTemplateBehavior [ RunTime:0.011340s ]
INFO: [ view_parse ] --END-- [ RunTime:0.011372s ]
INFO: [ view_filter ] --START--
INFO: Run Behavior\WriteHtmlCacheBehavior [ RunTime:0.000137s ]
INFO: [ view_filter ] --END-- [ RunTime:0.000157s ]
INFO: [ app_end ] --START--
INFO: Run Behavior\ShowPageTraceBehavior [ RunTime:0.000373s ]
INFO: [ app_end ] --END-- [ RunTime:0.000404s ]

[ 2020-11-30T23:42:31+08:00 ] 120.229.6.60 /efucms.php?m=Admin&c=Member&a=upload&event=setPic&url=
INFO: [ app_init ] --START--
INFO: Run Behavior\BuildLiteBehavior [ RunTime:0.000011s ]
INFO: [ app_init ] --END-- [ RunTime:0.000245s ]
INFO: [ app_begin ] --START--
INFO: Run Behavior\ReadHtmlCacheBehavior [ RunTime:0.000385s ]
INFO: [ app_begin ] --END-- [ RunTime:0.000834s ]
SQL: SHOW COLUMNS FROM `vv_config` [ RunTime:0.0006s ]
SQL: SELECT * FROM `vv_config`  [ RunTime:0.0002s ]
NOTIC: [8] unserialize(): Error at offset 75 of 79 bytes /www/wwwkroot/pxs/Application/Admin/Controller/AdminController.class.php 第 36 行.
NOTIC: [8] unserialize(): Error at offset 45 of 108 bytes /www/wwwkroot/pxs/Application/Admin/Controller/AdminController.class.php 第 36 行.
INFO: [ view_parse ] --START--
INFO: [ template_filter ] --START--
INFO: Run Behavior\ContentReplaceBehavior [ RunTime:0.000034s ]
INFO: [ template_filter ] --END-- [ RunTime:0.000069s ]
INFO: Run Behavior\ParseTemplateBehavior [ RunTime:0.007258s ]
INFO: [ view_parse ] --END-- [ RunTime:0.007303s ]
INFO: [ view_filter ] --START--
INFO: Run Behavior\WriteHtmlCacheBehavior [ RunTime:0.000120s ]
INFO: [ view_filter ] --END-- [ RunTime:0.000141s ]
INFO: [ app_end ] --START--
INFO: Run Behavior\ShowPageTraceBehavior [ RunTime:0.000355s ]
INFO: [ app_end ] --END-- [ RunTime:0.000381s ]

