[ 2020-12-10T10:47:42+08:00 ] 120.229.77.245 /efucms.php?m=Admin&c=Config&a=site
INFO: [ app_init ] --START--
INFO: Run Behavior\BuildLiteBehavior [ RunTime:0.000010s ]
INFO: [ app_init ] --END-- [ RunTime:0.000229s ]
INFO: [ app_begin ] --START--
INFO: Run Behavior\ReadHtmlCacheBehavior [ RunTime:0.000397s ]
INFO: [ app_begin ] --END-- [ RunTime:0.000442s ]
SQL: SHOW COLUMNS FROM `vv_config` [ RunTime:0.0005s ]
SQL: SELECT * FROM `vv_config`  [ RunTime:0.0002s ]
NOTIC: [8] unserialize(): Error at offset 75 of 79 bytes /www/wwwkroot/pxs/Application/Admin/Controller/AdminController.class.php 第 37 行.
NOTIC: [8] unserialize(): Error at offset 45 of 108 bytes /www/wwwkroot/pxs/Application/Admin/Controller/AdminController.class.php 第 37 行.
INFO: [ view_parse ] --START--
INFO: [ template_filter ] --START--
INFO: Run Behavior\ContentReplaceBehavior [ RunTime:0.000065s ]
INFO: [ template_filter ] --END-- [ RunTime:0.000108s ]
NOTIC: [8] Undefined index: dailisms /www/wwwkroot/pxs/Application/Runtime/Cache/Admin/e089353d3177b37e965d353d9ef4f07c.php 第 341 行.
NOTIC: [8] Undefined index: zidongzhuce /www/wwwkroot/pxs/Application/Runtime/Cache/Admin/e089353d3177b37e965d353d9ef4f07c.php 第 368 行.
INFO: Run Behavior\ParseTemplateBehavior [ RunTime:0.013635s ]
INFO: [ view_parse ] --END-- [ RunTime:0.013682s ]
INFO: [ view_filter ] --START--
INFO: Run Behavior\WriteHtmlCacheBehavior [ RunTime:0.000138s ]
INFO: [ view_filter ] --END-- [ RunTime:0.000157s ]
INFO: [ app_end ] --START--
INFO: Run Behavior\ShowPageTraceBehavior [ RunTime:0.000343s ]
INFO: [ app_end ] --END-- [ RunTime:0.000367s ]

[ 2020-12-10T10:47:42+08:00 ] 120.229.77.245 /efucms.php?m=Admin&c=Config&a=upload&event=setPic&url=%2FPublic%2Fupload%2Fimages%2F2012%2F04%2F153925843008003262.png
INFO: [ app_init ] --START--
INFO: Run Behavior\BuildLiteBehavior [ RunTime:0.000012s ]
INFO: [ app_init ] --END-- [ RunTime:0.000249s ]
INFO: [ app_begin ] --START--
INFO: Run Behavior\ReadHtmlCacheBehavior [ RunTime:0.000336s ]
INFO: [ app_begin ] --END-- [ RunTime:0.000371s ]
SQL: SHOW COLUMNS FROM `vv_config` [ RunTime:0.0006s ]
SQL: SELECT * FROM `vv_config`  [ RunTime:0.0002s ]
NOTIC: [8] unserialize(): Error at offset 75 of 79 bytes /www/wwwkroot/pxs/Application/Admin/Controller/AdminController.class.php 第 37 行.
NOTIC: [8] unserialize(): Error at offset 45 of 108 bytes /www/wwwkroot/pxs/Application/Admin/Controller/AdminController.class.php 第 37 行.
INFO: [ view_parse ] --START--
INFO: [ template_filter ] --START--
INFO: Run Behavior\ContentReplaceBehavior [ RunTime:0.000035s ]
INFO: [ template_filter ] --END-- [ RunTime:0.000070s ]
NOTIC: [8] Undefined index: cur_index /www/wwwkroot/pxs/Application/Runtime/Cache/Admin/42684e41b5d7d3bd6b9e714a62a1e7f6.php 第 23 行.
INFO: Run Behavior\ParseTemplateBehavior [ RunTime:0.005606s ]
INFO: [ view_parse ] --END-- [ RunTime:0.005638s ]
INFO: [ view_filter ] --START--
INFO: Run Behavior\WriteHtmlCacheBehavior [ RunTime:0.000114s ]
INFO: [ view_filter ] --END-- [ RunTime:0.000135s ]
INFO: [ app_end ] --START--
INFO: Run Behavior\ShowPageTraceBehavior [ RunTime:0.000325s ]
INFO: [ app_end ] --END-- [ RunTime:0.000348s ]

[ 2020-12-10T10:47:49+08:00 ] 120.229.77.245 /efucms.php?m=Admin&c=Admin&a=welcome
INFO: [ app_init ] --START--
INFO: Run Behavior\BuildLiteBehavior [ RunTime:0.000013s ]
INFO: [ app_init ] --END-- [ RunTime:0.000231s ]
INFO: [ app_begin ] --START--
INFO: Run Behavior\ReadHtmlCacheBehavior [ RunTime:0.000306s ]
INFO: [ app_begin ] --END-- [ RunTime:0.000339s ]
SQL: SHOW COLUMNS FROM `vv_config` [ RunTime:0.0006s ]
SQL: SELECT * FROM `vv_config`  [ RunTime:0.0002s ]
NOTIC: [8] unserialize(): Error at offset 75 of 79 bytes /www/wwwkroot/pxs/Application/Admin/Controller/AdminController.class.php 第 37 行.
NOTIC: [8] unserialize(): Error at offset 45 of 108 bytes /www/wwwkroot/pxs/Application/Admin/Controller/AdminController.class.php 第 37 行.
NOTIC: [8] Undefined variable: cben /www/wwwkroot/pxs/Application/Admin/Controller/AdminController.class.php 第 86 行.
NOTIC: [8] Undefined variable: acharge /www/wwwkroot/pxs/Application/Admin/Controller/AdminController.class.php 第 86 行.
NOTIC: [8] Undefined variable: info /www/wwwkroot/pxs/Application/Admin/Controller/AdminController.class.php 第 88 行.
INFO: [ view_parse ] --START--
INFO: [ template_filter ] --START--
INFO: Run Behavior\ContentReplaceBehavior [ RunTime:0.000081s ]
INFO: [ template_filter ] --END-- [ RunTime:0.000129s ]
INFO: Run Behavior\ParseTemplateBehavior [ RunTime:0.011492s ]
INFO: [ view_parse ] --END-- [ RunTime:0.011531s ]
INFO: [ view_filter ] --START--
INFO: Run Behavior\WriteHtmlCacheBehavior [ RunTime:0.000153s ]
INFO: [ view_filter ] --END-- [ RunTime:0.000174s ]
INFO: [ app_end ] --START--
INFO: Run Behavior\ShowPageTraceBehavior [ RunTime:0.000366s ]
INFO: [ app_end ] --END-- [ RunTime:0.000402s ]

[ 2020-12-10T10:47:51+08:00 ] 120.229.77.245 /efucms.php?m=Admin&c=Config&a=site
INFO: [ app_init ] --START--
INFO: Run Behavior\BuildLiteBehavior [ RunTime:0.000011s ]
INFO: [ app_init ] --END-- [ RunTime:0.000216s ]
INFO: [ app_begin ] --START--
INFO: Run Behavior\ReadHtmlCacheBehavior [ RunTime:0.000324s ]
INFO: [ app_begin ] --END-- [ RunTime:0.000356s ]
SQL: SHOW COLUMNS FROM `vv_config` [ RunTime:0.0006s ]
SQL: SELECT * FROM `vv_config`  [ RunTime:0.0002s ]
NOTIC: [8] unserialize(): Error at offset 75 of 79 bytes /www/wwwkroot/pxs/Application/Admin/Controller/AdminController.class.php 第 37 行.
NOTIC: [8] unserialize(): Error at offset 45 of 108 bytes /www/wwwkroot/pxs/Application/Admin/Controller/AdminController.class.php 第 37 行.
INFO: [ view_parse ] --START--
INFO: [ template_filter ] --START--
INFO: Run Behavior\ContentReplaceBehavior [ RunTime:0.000063s ]
INFO: [ template_filter ] --END-- [ RunTime:0.000096s ]
NOTIC: [8] Undefined index: dailisms /www/wwwkroot/pxs/Application/Runtime/Cache/Admin/e089353d3177b37e965d353d9ef4f07c.php 第 341 行.
NOTIC: [8] Undefined index: zidongzhuce /www/wwwkroot/pxs/Application/Runtime/Cache/Admin/e089353d3177b37e965d353d9ef4f07c.php 第 368 行.
INFO: Run Behavior\ParseTemplateBehavior [ RunTime:0.009767s ]
INFO: [ view_parse ] --END-- [ RunTime:0.009797s ]
INFO: [ view_filter ] --START--
INFO: Run Behavior\WriteHtmlCacheBehavior [ RunTime:0.000127s ]
INFO: [ view_filter ] --END-- [ RunTime:0.000147s ]
INFO: [ app_end ] --START--
INFO: Run Behavior\ShowPageTraceBehavior [ RunTime:0.000347s ]
INFO: [ app_end ] --END-- [ RunTime:0.000371s ]

[ 2020-12-10T10:47:51+08:00 ] 120.229.77.245 /efucms.php?m=Admin&c=Config&a=upload&event=setPic&url=%2FPublic%2Fupload%2Fimages%2F2012%2F04%2F153925843008003262.png
INFO: [ app_init ] --START--
INFO: Run Behavior\BuildLiteBehavior [ RunTime:0.000010s ]
INFO: [ app_init ] --END-- [ RunTime:0.000230s ]
INFO: [ app_begin ] --START--
INFO: Run Behavior\ReadHtmlCacheBehavior [ RunTime:0.000333s ]
INFO: [ app_begin ] --END-- [ RunTime:0.000366s ]
SQL: SHOW COLUMNS FROM `vv_config` [ RunTime:0.0006s ]
SQL: SELECT * FROM `vv_config`  [ RunTime:0.0002s ]
NOTIC: [8] unserialize(): Error at offset 75 of 79 bytes /www/wwwkroot/pxs/Application/Admin/Controller/AdminController.class.php 第 37 行.
NOTIC: [8] unserialize(): Error at offset 45 of 108 bytes /www/wwwkroot/pxs/Application/Admin/Controller/AdminController.class.php 第 37 行.
INFO: [ view_parse ] --START--
INFO: [ template_filter ] --START--
INFO: Run Behavior\ContentReplaceBehavior [ RunTime:0.000033s ]
INFO: [ template_filter ] --END-- [ RunTime:0.000063s ]
NOTIC: [8] Undefined index: cur_index /www/wwwkroot/pxs/Application/Runtime/Cache/Admin/42684e41b5d7d3bd6b9e714a62a1e7f6.php 第 23 行.
INFO: Run Behavior\ParseTemplateBehavior [ RunTime:0.003945s ]
INFO: [ view_parse ] --END-- [ RunTime:0.003972s ]
INFO: [ view_filter ] --START--
INFO: Run Behavior\WriteHtmlCacheBehavior [ RunTime:0.000149s ]
INFO: [ view_filter ] --END-- [ RunTime:0.000171s ]
INFO: [ app_end ] --START--
INFO: Run Behavior\ShowPageTraceBehavior [ RunTime:0.000319s ]
INFO: [ app_end ] --END-- [ RunTime:0.000343s ]

[ 2020-12-10T10:48:02+08:00 ] 120.229.77.245 /efucms.php?m=Admin&c=Config&a=mhcate
INFO: [ app_init ] --START--
INFO: Run Behavior\BuildLiteBehavior [ RunTime:0.000013s ]
INFO: [ app_init ] --END-- [ RunTime:0.000253s ]
INFO: [ app_begin ] --START--
INFO: Run Behavior\ReadHtmlCacheBehavior [ RunTime:0.000305s ]
INFO: [ app_begin ] --END-- [ RunTime:0.000337s ]
SQL: SHOW COLUMNS FROM `vv_config` [ RunTime:0.0006s ]
SQL: SELECT * FROM `vv_config`  [ RunTime:0.0002s ]
NOTIC: [8] unserialize(): Error at offset 75 of 79 bytes /www/wwwkroot/pxs/Application/Admin/Controller/AdminController.class.php 第 37 行.
NOTIC: [8] unserialize(): Error at offset 45 of 108 bytes /www/wwwkroot/pxs/Application/Admin/Controller/AdminController.class.php 第 37 行.
INFO: [ view_parse ] --START--
INFO: [ template_filter ] --START--
INFO: Run Behavior\ContentReplaceBehavior [ RunTime:0.000073s ]
INFO: [ template_filter ] --END-- [ RunTime:0.000112s ]
INFO: Run Behavior\ParseTemplateBehavior [ RunTime:0.010457s ]
INFO: [ view_parse ] --END-- [ RunTime:0.010505s ]
INFO: [ view_filter ] --START--
INFO: Run Behavior\WriteHtmlCacheBehavior [ RunTime:0.000182s ]
INFO: [ view_filter ] --END-- [ RunTime:0.000208s ]
INFO: [ app_end ] --START--
INFO: Run Behavior\ShowPageTraceBehavior [ RunTime:0.000366s ]
INFO: [ app_end ] --END-- [ RunTime:0.000393s ]

[ 2020-12-10T10:48:03+08:00 ] 120.229.77.245 /efucms.php?m=Admin&c=Config&a=upload&event=setPath&cur_index=1&url=%2FPublic%2Fupload%2Fimages%2F2012%2F02%2F122200663565005640.png
INFO: [ app_init ] --START--
INFO: Run Behavior\BuildLiteBehavior [ RunTime:0.000010s ]
INFO: [ app_init ] --END-- [ RunTime:0.000280s ]
INFO: [ app_begin ] --START--
INFO: Run Behavior\ReadHtmlCacheBehavior [ RunTime:0.000378s ]
INFO: [ app_begin ] --END-- [ RunTime:0.000409s ]
SQL: SHOW COLUMNS FROM `vv_config` [ RunTime:0.0005s ]
SQL: SELECT * FROM `vv_config`  [ RunTime:0.0002s ]
NOTIC: [8] unserialize(): Error at offset 75 of 79 bytes /www/wwwkroot/pxs/Application/Admin/Controller/AdminController.class.php 第 37 行.
NOTIC: [8] unserialize(): Error at offset 45 of 108 bytes /www/wwwkroot/pxs/Application/Admin/Controller/AdminController.class.php 第 37 行.
INFO: [ view_parse ] --START--
INFO: [ template_filter ] --START--
INFO: Run Behavior\ContentReplaceBehavior [ RunTime:0.000034s ]
INFO: [ template_filter ] --END-- [ RunTime:0.000067s ]
INFO: Run Behavior\ParseTemplateBehavior [ RunTime:0.004253s ]
INFO: [ view_parse ] --END-- [ RunTime:0.004288s ]
INFO: [ view_filter ] --START--
INFO: Run Behavior\WriteHtmlCacheBehavior [ RunTime:0.000141s ]
INFO: [ view_filter ] --END-- [ RunTime:0.000164s ]
INFO: [ app_end ] --START--
INFO: Run Behavior\ShowPageTraceBehavior [ RunTime:0.000365s ]
INFO: [ app_end ] --END-- [ RunTime:0.000388s ]

[ 2020-12-10T10:48:03+08:00 ] 120.229.77.245 /efucms.php?m=Admin&c=Config&a=upload&event=setPath&cur_index=5&url=.%2FPublic%2Fupload%2Fimages%2F1907%2F05%2F232012882809009452.jpg
INFO: [ app_init ] --START--
INFO: Run Behavior\BuildLiteBehavior [ RunTime:0.000012s ]
INFO: [ app_init ] --END-- [ RunTime:0.000251s ]
INFO: [ app_begin ] --START--
INFO: Run Behavior\ReadHtmlCacheBehavior [ RunTime:0.000309s ]
INFO: [ app_begin ] --END-- [ RunTime:0.000341s ]
SQL: SHOW COLUMNS FROM `vv_config` [ RunTime:0.0006s ]
SQL: SELECT * FROM `vv_config`  [ RunTime:0.0002s ]
NOTIC: [8] unserialize(): Error at offset 75 of 79 bytes /www/wwwkroot/pxs/Application/Admin/Controller/AdminController.class.php 第 37 行.
NOTIC: [8] unserialize(): Error at offset 45 of 108 bytes /www/wwwkroot/pxs/Application/Admin/Controller/AdminController.class.php 第 37 行.
INFO: [ view_parse ] --START--
INFO: [ template_filter ] --START--
INFO: Run Behavior\ContentReplaceBehavior [ RunTime:0.000061s ]
INFO: [ template_filter ] --END-- [ RunTime:0.000104s ]
INFO: Run Behavior\ParseTemplateBehavior [ RunTime:0.003930s ]
INFO: [ view_parse ] --END-- [ RunTime:0.003961s ]
INFO: [ view_filter ] --START--
INFO: Run Behavior\WriteHtmlCacheBehavior [ RunTime:0.000115s ]
INFO: [ view_filter ] --END-- [ RunTime:0.000146s ]
INFO: [ app_end ] --START--
INFO: Run Behavior\ShowPageTraceBehavior [ RunTime:0.000360s ]
INFO: [ app_end ] --END-- [ RunTime:0.000388s ]

[ 2020-12-10T10:48:03+08:00 ] 120.229.77.245 /efucms.php?m=Admin&c=Config&a=upload&event=setPath&cur_index=6&url=.%2FPublic%2Fupload%2Fimages%2F1907%2F05%2F232034486797005185.jpg
INFO: [ app_init ] --START--
INFO: Run Behavior\BuildLiteBehavior [ RunTime:0.000010s ]
INFO: [ app_init ] --END-- [ RunTime:0.000224s ]
INFO: [ app_begin ] --START--
INFO: Run Behavior\ReadHtmlCacheBehavior [ RunTime:0.000303s ]
INFO: [ app_begin ] --END-- [ RunTime:0.000333s ]
SQL: SHOW COLUMNS FROM `vv_config` [ RunTime:0.0005s ]
SQL: SELECT * FROM `vv_config`  [ RunTime:0.0002s ]
NOTIC: [8] unserialize(): Error at offset 75 of 79 bytes /www/wwwkroot/pxs/Application/Admin/Controller/AdminController.class.php 第 37 行.
NOTIC: [8] unserialize(): Error at offset 45 of 108 bytes /www/wwwkroot/pxs/Application/Admin/Controller/AdminController.class.php 第 37 行.
INFO: [ view_parse ] --START--
INFO: [ template_filter ] --START--
INFO: Run Behavior\ContentReplaceBehavior [ RunTime:0.000034s ]
INFO: [ template_filter ] --END-- [ RunTime:0.000063s ]
INFO: Run Behavior\ParseTemplateBehavior [ RunTime:0.003955s ]
INFO: [ view_parse ] --END-- [ RunTime:0.003986s ]
INFO: [ view_filter ] --START--
INFO: Run Behavior\WriteHtmlCacheBehavior [ RunTime:0.000117s ]
INFO: [ view_filter ] --END-- [ RunTime:0.000138s ]
INFO: [ app_end ] --START--
INFO: Run Behavior\ShowPageTraceBehavior [ RunTime:0.000341s ]
INFO: [ app_end ] --END-- [ RunTime:0.000365s ]

[ 2020-12-10T10:48:03+08:00 ] 120.229.77.245 /efucms.php?m=Admin&c=Config&a=upload&event=setPath&cur_index=2&url=%2FPublic%2Fupload%2Fimages%2F2012%2F02%2F122152822609005837.png
INFO: [ app_init ] --START--
INFO: Run Behavior\BuildLiteBehavior [ RunTime:0.000009s ]
INFO: [ app_init ] --END-- [ RunTime:0.000208s ]
INFO: [ app_begin ] --START--
INFO: Run Behavior\ReadHtmlCacheBehavior [ RunTime:0.000303s ]
INFO: [ app_begin ] --END-- [ RunTime:0.000333s ]
SQL: SHOW COLUMNS FROM `vv_config` [ RunTime:0.0005s ]
SQL: SELECT * FROM `vv_config`  [ RunTime:0.0002s ]
NOTIC: [8] unserialize(): Error at offset 75 of 79 bytes /www/wwwkroot/pxs/Application/Admin/Controller/AdminController.class.php 第 37 行.
NOTIC: [8] unserialize(): Error at offset 45 of 108 bytes /www/wwwkroot/pxs/Application/Admin/Controller/AdminController.class.php 第 37 行.
INFO: [ view_parse ] --START--
INFO: [ template_filter ] --START--
INFO: Run Behavior\ContentReplaceBehavior [ RunTime:0.000033s ]
INFO: [ template_filter ] --END-- [ RunTime:0.000066s ]
INFO: Run Behavior\ParseTemplateBehavior [ RunTime:0.003852s ]
INFO: [ view_parse ] --END-- [ RunTime:0.003883s ]
INFO: [ view_filter ] --START--
INFO: Run Behavior\WriteHtmlCacheBehavior [ RunTime:0.000126s ]
INFO: [ view_filter ] --END-- [ RunTime:0.000147s ]
INFO: [ app_end ] --START--
INFO: Run Behavior\ShowPageTraceBehavior [ RunTime:0.000351s ]
INFO: [ app_end ] --END-- [ RunTime:0.000385s ]

[ 2020-12-10T10:48:03+08:00 ] 120.229.77.245 /efucms.php?m=Admin&c=Config&a=upload&event=setPath&cur_index=4&url=%2FPublic%2Fupload%2Fimages%2F2012%2F02%2F122139176682009625.png
INFO: [ app_init ] --START--
INFO: Run Behavior\BuildLiteBehavior [ RunTime:0.000010s ]
INFO: [ app_init ] --END-- [ RunTime:0.000232s ]
INFO: [ app_begin ] --START--
INFO: Run Behavior\ReadHtmlCacheBehavior [ RunTime:0.000330s ]
INFO: [ app_begin ] --END-- [ RunTime:0.000366s ]
SQL: SHOW COLUMNS FROM `vv_config` [ RunTime:0.0006s ]
SQL: SELECT * FROM `vv_config`  [ RunTime:0.0003s ]
NOTIC: [8] unserialize(): Error at offset 75 of 79 bytes /www/wwwkroot/pxs/Application/Admin/Controller/AdminController.class.php 第 37 行.
NOTIC: [8] unserialize(): Error at offset 45 of 108 bytes /www/wwwkroot/pxs/Application/Admin/Controller/AdminController.class.php 第 37 行.
INFO: [ view_parse ] --START--
INFO: [ template_filter ] --START--
INFO: Run Behavior\ContentReplaceBehavior [ RunTime:0.000035s ]
INFO: [ template_filter ] --END-- [ RunTime:0.000076s ]
INFO: Run Behavior\ParseTemplateBehavior [ RunTime:0.004219s ]
INFO: [ view_parse ] --END-- [ RunTime:0.004260s ]
INFO: [ view_filter ] --START--
INFO: Run Behavior\WriteHtmlCacheBehavior [ RunTime:0.000120s ]
INFO: [ view_filter ] --END-- [ RunTime:0.000141s ]
INFO: [ app_end ] --START--
INFO: Run Behavior\ShowPageTraceBehavior [ RunTime:0.000345s ]
INFO: [ app_end ] --END-- [ RunTime:0.000368s ]

[ 2020-12-10T10:48:03+08:00 ] 120.229.77.245 /efucms.php?m=Admin&c=Config&a=upload&event=setPath&cur_index=3&url=%2FPublic%2Fupload%2Fimages%2F2012%2F02%2F122130533098004503.png
INFO: [ app_init ] --START--
INFO: Run Behavior\BuildLiteBehavior [ RunTime:0.000010s ]
INFO: [ app_init ] --END-- [ RunTime:0.000224s ]
INFO: [ app_begin ] --START--
INFO: Run Behavior\ReadHtmlCacheBehavior [ RunTime:0.000313s ]
INFO: [ app_begin ] --END-- [ RunTime:0.000347s ]
SQL: SHOW COLUMNS FROM `vv_config` [ RunTime:0.0006s ]
SQL: SELECT * FROM `vv_config`  [ RunTime:0.0002s ]
NOTIC: [8] unserialize(): Error at offset 75 of 79 bytes /www/wwwkroot/pxs/Application/Admin/Controller/AdminController.class.php 第 37 行.
NOTIC: [8] unserialize(): Error at offset 45 of 108 bytes /www/wwwkroot/pxs/Application/Admin/Controller/AdminController.class.php 第 37 行.
INFO: [ view_parse ] --START--
INFO: [ template_filter ] --START--
INFO: Run Behavior\ContentReplaceBehavior [ RunTime:0.000032s ]
INFO: [ template_filter ] --END-- [ RunTime:0.000064s ]
INFO: Run Behavior\ParseTemplateBehavior [ RunTime:0.004925s ]
INFO: [ view_parse ] --END-- [ RunTime:0.004959s ]
INFO: [ view_filter ] --START--
INFO: Run Behavior\WriteHtmlCacheBehavior [ RunTime:0.000118s ]
INFO: [ view_filter ] --END-- [ RunTime:0.000139s ]
INFO: [ app_end ] --START--
INFO: Run Behavior\ShowPageTraceBehavior [ RunTime:0.000370s ]
INFO: [ app_end ] --END-- [ RunTime:0.000411s ]

[ 2020-12-10T10:48:03+08:00 ] 120.229.77.245 /efucms.php?m=Admin&c=Config&a=upload&event=setPath&cur_index=8&url=.%2FPublic%2Fupload%2Fimages%2F1907%2F05%2F232038363681003365.jpg
INFO: [ app_init ] --START--
INFO: Run Behavior\BuildLiteBehavior [ RunTime:0.000010s ]
INFO: [ app_init ] --END-- [ RunTime:0.000223s ]
INFO: [ app_begin ] --START--
INFO: Run Behavior\ReadHtmlCacheBehavior [ RunTime:0.000301s ]
INFO: [ app_begin ] --END-- [ RunTime:0.000330s ]
SQL: SHOW COLUMNS FROM `vv_config` [ RunTime:0.0006s ]
SQL: SELECT * FROM `vv_config`  [ RunTime:0.0002s ]
NOTIC: [8] unserialize(): Error at offset 75 of 79 bytes /www/wwwkroot/pxs/Application/Admin/Controller/AdminController.class.php 第 37 行.
NOTIC: [8] unserialize(): Error at offset 45 of 108 bytes /www/wwwkroot/pxs/Application/Admin/Controller/AdminController.class.php 第 37 行.
INFO: [ view_parse ] --START--
INFO: [ template_filter ] --START--
INFO: Run Behavior\ContentReplaceBehavior [ RunTime:0.000034s ]
INFO: [ template_filter ] --END-- [ RunTime:0.000065s ]
INFO: Run Behavior\ParseTemplateBehavior [ RunTime:0.004044s ]
INFO: [ view_parse ] --END-- [ RunTime:0.004076s ]
INFO: [ view_filter ] --START--
INFO: Run Behavior\WriteHtmlCacheBehavior [ RunTime:0.000117s ]
INFO: [ view_filter ] --END-- [ RunTime:0.000147s ]
INFO: [ app_end ] --START--
INFO: Run Behavior\ShowPageTraceBehavior [ RunTime:0.000365s ]
INFO: [ app_end ] --END-- [ RunTime:0.000391s ]

[ 2020-12-10T10:48:03+08:00 ] 120.229.77.245 /efucms.php?m=Admin&c=Config&a=upload&event=setPath&cur_index=7&url=.%2FPublic%2Fupload%2Fimages%2F1907%2F05%2F232035880202001930.jpg
INFO: [ app_init ] --START--
INFO: Run Behavior\BuildLiteBehavior [ RunTime:0.000012s ]
INFO: [ app_init ] --END-- [ RunTime:0.000319s ]
INFO: [ app_begin ] --START--
INFO: Run Behavior\ReadHtmlCacheBehavior [ RunTime:0.000329s ]
INFO: [ app_begin ] --END-- [ RunTime:0.000362s ]
SQL: SHOW COLUMNS FROM `vv_config` [ RunTime:0.0006s ]
SQL: SELECT * FROM `vv_config`  [ RunTime:0.0002s ]
NOTIC: [8] unserialize(): Error at offset 75 of 79 bytes /www/wwwkroot/pxs/Application/Admin/Controller/AdminController.class.php 第 37 行.
NOTIC: [8] unserialize(): Error at offset 45 of 108 bytes /www/wwwkroot/pxs/Application/Admin/Controller/AdminController.class.php 第 37 行.
INFO: [ view_parse ] --START--
INFO: [ template_filter ] --START--
INFO: Run Behavior\ContentReplaceBehavior [ RunTime:0.000032s ]
INFO: [ template_filter ] --END-- [ RunTime:0.000072s ]
INFO: Run Behavior\ParseTemplateBehavior [ RunTime:0.003961s ]
INFO: [ view_parse ] --END-- [ RunTime:0.003995s ]
INFO: [ view_filter ] --START--
INFO: Run Behavior\WriteHtmlCacheBehavior [ RunTime:0.000112s ]
INFO: [ view_filter ] --END-- [ RunTime:0.000132s ]
INFO: [ app_end ] --START--
INFO: Run Behavior\ShowPageTraceBehavior [ RunTime:0.000877s ]
INFO: [ app_end ] --END-- [ RunTime:0.000910s ]

[ 2020-12-10T10:48:03+08:00 ] 120.229.77.245 /efucms.php?m=Admin&c=Config&a=upload&event=setPath&cur_index=9&url=.%2FPublic%2Fupload%2Fimages%2F1907%2F05%2F232041084563006260.jpg
INFO: [ app_init ] --START--
INFO: Run Behavior\BuildLiteBehavior [ RunTime:0.000011s ]
INFO: [ app_init ] --END-- [ RunTime:0.000650s ]
INFO: [ app_begin ] --START--
INFO: Run Behavior\ReadHtmlCacheBehavior [ RunTime:0.000333s ]
INFO: [ app_begin ] --END-- [ RunTime:0.000374s ]
SQL: SHOW COLUMNS FROM `vv_config` [ RunTime:0.0006s ]
SQL: SELECT * FROM `vv_config`  [ RunTime:0.0002s ]
NOTIC: [8] unserialize(): Error at offset 75 of 79 bytes /www/wwwkroot/pxs/Application/Admin/Controller/AdminController.class.php 第 37 行.
NOTIC: [8] unserialize(): Error at offset 45 of 108 bytes /www/wwwkroot/pxs/Application/Admin/Controller/AdminController.class.php 第 37 行.
INFO: [ view_parse ] --START--
INFO: [ template_filter ] --START--
INFO: Run Behavior\ContentReplaceBehavior [ RunTime:0.000040s ]
INFO: [ template_filter ] --END-- [ RunTime:0.000086s ]
INFO: Run Behavior\ParseTemplateBehavior [ RunTime:0.004216s ]
INFO: [ view_parse ] --END-- [ RunTime:0.004254s ]
INFO: [ view_filter ] --START--
INFO: Run Behavior\WriteHtmlCacheBehavior [ RunTime:0.000123s ]
INFO: [ view_filter ] --END-- [ RunTime:0.000144s ]
INFO: [ app_end ] --START--
INFO: Run Behavior\ShowPageTraceBehavior [ RunTime:0.000743s ]
INFO: [ app_end ] --END-- [ RunTime:0.000770s ]

[ 2020-12-10T10:48:25+08:00 ] 120.229.77.245 /efucms.php?m=Admin&c=Config&a=mhcate
INFO: [ app_init ] --START--
INFO: Run Behavior\BuildLiteBehavior [ RunTime:0.000012s ]
INFO: [ app_init ] --END-- [ RunTime:0.000280s ]
INFO: [ app_begin ] --START--
INFO: Run Behavior\ReadHtmlCacheBehavior [ RunTime:0.000306s ]
INFO: [ app_begin ] --END-- [ RunTime:0.000345s ]
SQL: SHOW COLUMNS FROM `vv_config` [ RunTime:0.0010s ]
SQL: SELECT * FROM `vv_config`  [ RunTime:0.0002s ]
NOTIC: [8] unserialize(): Error at offset 75 of 79 bytes /www/wwwkroot/pxs/Application/Admin/Controller/AdminController.class.php 第 37 行.
NOTIC: [8] unserialize(): Error at offset 45 of 108 bytes /www/wwwkroot/pxs/Application/Admin/Controller/AdminController.class.php 第 37 行.
SQL: UPDATE `vv_config` SET `value`='a:9:{i:1;a:5:{s:3:\"pic\";s:52:\"/Public/upload/images/2012/02/122200663565005640.png\";s:3:\"url\";s:18:\"/Mh/book_last.html\";s:4:\"name\";s:12:\"最近更新\";s:4:\"show\";s:1:\"1\";s:6:\"isshow\";s:1:\"1\";}i:2;a:5:{s:3:\"pic\";s:52:\"/Public/upload/images/2012/02/122152822609005837.png\";s:3:\"url\";s:17:\"/Mh/book_hot.html\";s:4:\"name\";s:6:\"排行\";s:4:\"show\";s:1:\"1\";s:6:\"isshow\";s:1:\"1\";}i:3;a:5:{s:3:\"pic\";s:52:\"/Public/upload/images/2012/02/122130533098004503.png\";s:3:\"url\";s:12:\"/Mh/pay.html\";s:4:\"name\";s:6:\"储值\";s:4:\"show\";s:1:\"1\";s:6:\"isshow\";s:1:\"1\";}i:4;a:5:{s:3:\"pic\";s:52:\"/Public/upload/images/2012/02/122139176682009625.png\";s:3:\"url\";s:19:\"/Mh/book_cate.html?\";s:4:\"name\";s:6:\"分类\";s:4:\"show\";s:1:\"1\";s:6:\"isshow\";s:1:\"1\";}i:5;a:5:{s:3:\"pic\";s:53:\"./Public/upload/images/1907/05/232012882809009452.jpg\";s:3:\"url\";s:0:\"\";s:4:\"name\";s:15:\"大家都在看\";s:4:\"show\";s:1:\"2\";s:6:\"isshow\";s:1:\"1\";}i:6;a:5:{s:3:\"pic\";s:53:\"./Public/upload/images/1907/05/232034486797005185.jpg\";s:3:\"url\";s:0:\"\";s:4:\"name\";s:12:\"热门推荐\";s:4:\"show\";s:1:\"2\";s:6:\"isshow\";s:1:\"1\";}i:7;a:5:{s:3:\"pic\";s:53:\"./Public/upload/images/1907/05/232035880202001930.jpg\";s:3:\"url\";s:0:\"\";s:4:\"name\";s:12:\"国漫精选\";s:4:\"show\";s:1:\"2\";s:6:\"isshow\";s:1:\"1\";}i:8;a:5:{s:3:\"pic\";s:53:\"./Public/upload/images/1907/05/232038363681003365.jpg\";s:3:\"url\";s:0:\"\";s:4:\"name\";s:12:\"韩漫漫画\";s:4:\"show\";s:1:\"2\";s:6:\"isshow\";s:1:\"1\";}i:9;a:5:{s:3:\"pic\";s:53:\"./Public/upload/images/1907/05/232041084563006260.jpg\";s:3:\"url\";s:0:\"\";s:4:\"name\";s:12:\"歪歪漫画\";s:4:\"show\";s:1:\"2\";s:6:\"isshow\";s:1:\"1\";}}' WHERE `name` = 'mhcate' [ RunTime:0.0003s ]
INFO: [ view_parse ] --START--
INFO: [ template_filter ] --START--
INFO: Run Behavior\ContentReplaceBehavior [ RunTime:0.000044s ]
INFO: [ template_filter ] --END-- [ RunTime:0.000075s ]
INFO: Run Behavior\ParseTemplateBehavior [ RunTime:0.005258s ]
INFO: [ view_parse ] --END-- [ RunTime:0.005292s ]
INFO: [ view_filter ] --START--
INFO: Run Behavior\WriteHtmlCacheBehavior [ RunTime:0.000123s ]
INFO: [ view_filter ] --END-- [ RunTime:0.000148s ]

[ 2020-12-10T10:48:26+08:00 ] 120.229.77.245 /efucms.php?m=Admin&c=Config&a=mhcate
INFO: [ app_init ] --START--
INFO: Run Behavior\BuildLiteBehavior [ RunTime:0.000011s ]
INFO: [ app_init ] --END-- [ RunTime:0.000240s ]
INFO: [ app_begin ] --START--
INFO: Run Behavior\ReadHtmlCacheBehavior [ RunTime:0.000335s ]
INFO: [ app_begin ] --END-- [ RunTime:0.000366s ]
SQL: SHOW COLUMNS FROM `vv_config` [ RunTime:0.0006s ]
SQL: SELECT * FROM `vv_config`  [ RunTime:0.0002s ]
NOTIC: [8] unserialize(): Error at offset 75 of 79 bytes /www/wwwkroot/pxs/Application/Admin/Controller/AdminController.class.php 第 37 行.
NOTIC: [8] unserialize(): Error at offset 45 of 108 bytes /www/wwwkroot/pxs/Application/Admin/Controller/AdminController.class.php 第 37 行.
INFO: [ view_parse ] --START--
INFO: [ template_filter ] --START--
INFO: Run Behavior\ContentReplaceBehavior [ RunTime:0.000057s ]
INFO: [ template_filter ] --END-- [ RunTime:0.000089s ]
INFO: Run Behavior\ParseTemplateBehavior [ RunTime:0.009601s ]
INFO: [ view_parse ] --END-- [ RunTime:0.009631s ]
INFO: [ view_filter ] --START--
INFO: Run Behavior\WriteHtmlCacheBehavior [ RunTime:0.000126s ]
INFO: [ view_filter ] --END-- [ RunTime:0.000147s ]
INFO: [ app_end ] --START--
INFO: Run Behavior\ShowPageTraceBehavior [ RunTime:0.000342s ]
INFO: [ app_end ] --END-- [ RunTime:0.000372s ]

[ 2020-12-10T10:48:27+08:00 ] 120.229.77.245 /efucms.php?m=Admin&c=Config&a=upload&event=setPath&cur_index=2&url=%2FPublic%2Fupload%2Fimages%2F2012%2F02%2F122152822609005837.png
INFO: [ app_init ] --START--
INFO: Run Behavior\BuildLiteBehavior [ RunTime:0.000011s ]
INFO: [ app_init ] --END-- [ RunTime:0.000216s ]
INFO: [ app_begin ] --START--
INFO: Run Behavior\ReadHtmlCacheBehavior [ RunTime:0.000294s ]
INFO: [ app_begin ] --END-- [ RunTime:0.000326s ]
SQL: SHOW COLUMNS FROM `vv_config` [ RunTime:0.0006s ]
SQL: SELECT * FROM `vv_config`  [ RunTime:0.0002s ]
NOTIC: [8] unserialize(): Error at offset 75 of 79 bytes /www/wwwkroot/pxs/Application/Admin/Controller/AdminController.class.php 第 37 行.
NOTIC: [8] unserialize(): Error at offset 45 of 108 bytes /www/wwwkroot/pxs/Application/Admin/Controller/AdminController.class.php 第 37 行.
INFO: [ view_parse ] --START--
INFO: [ template_filter ] --START--
INFO: Run Behavior\ContentReplaceBehavior [ RunTime:0.000033s ]
INFO: [ template_filter ] --END-- [ RunTime:0.000077s ]
INFO: Run Behavior\ParseTemplateBehavior [ RunTime:0.003990s ]
INFO: [ view_parse ] --END-- [ RunTime:0.004021s ]
INFO: [ view_filter ] --START--
INFO: Run Behavior\WriteHtmlCacheBehavior [ RunTime:0.000138s ]
INFO: [ view_filter ] --END-- [ RunTime:0.000161s ]
INFO: [ app_end ] --START--
INFO: Run Behavior\ShowPageTraceBehavior [ RunTime:0.000347s ]
INFO: [ app_end ] --END-- [ RunTime:0.000378s ]

[ 2020-12-10T10:48:27+08:00 ] 120.229.77.245 /efucms.php?m=Admin&c=Config&a=upload&event=setPath&cur_index=4&url=%2FPublic%2Fupload%2Fimages%2F2012%2F02%2F122139176682009625.png
INFO: [ app_init ] --START--
INFO: Run Behavior\BuildLiteBehavior [ RunTime:0.000011s ]
INFO: [ app_init ] --END-- [ RunTime:0.000234s ]
INFO: [ app_begin ] --START--
INFO: Run Behavior\ReadHtmlCacheBehavior [ RunTime:0.000309s ]
INFO: [ app_begin ] --END-- [ RunTime:0.000341s ]
SQL: SHOW COLUMNS FROM `vv_config` [ RunTime:0.0005s ]
SQL: SELECT * FROM `vv_config`  [ RunTime:0.0002s ]
NOTIC: [8] unserialize(): Error at offset 75 of 79 bytes /www/wwwkroot/pxs/Application/Admin/Controller/AdminController.class.php 第 37 行.
NOTIC: [8] unserialize(): Error at offset 45 of 108 bytes /www/wwwkroot/pxs/Application/Admin/Controller/AdminController.class.php 第 37 行.
INFO: [ view_parse ] --START--
INFO: [ template_filter ] --START--
INFO: Run Behavior\ContentReplaceBehavior [ RunTime:0.000033s ]
INFO: [ template_filter ] --END-- [ RunTime:0.000063s ]
INFO: Run Behavior\ParseTemplateBehavior [ RunTime:0.004149s ]
INFO: [ view_parse ] --END-- [ RunTime:0.004179s ]
INFO: [ view_filter ] --START--
INFO: Run Behavior\WriteHtmlCacheBehavior [ RunTime:0.000115s ]
INFO: [ view_filter ] --END-- [ RunTime:0.000135s ]
INFO: [ app_end ] --START--
INFO: Run Behavior\ShowPageTraceBehavior [ RunTime:0.000337s ]
INFO: [ app_end ] --END-- [ RunTime:0.000361s ]

[ 2020-12-10T10:48:27+08:00 ] 120.229.77.245 /efucms.php?m=Admin&c=Config&a=upload&event=setPath&cur_index=3&url=%2FPublic%2Fupload%2Fimages%2F2012%2F02%2F122130533098004503.png
INFO: [ app_init ] --START--
INFO: Run Behavior\BuildLiteBehavior [ RunTime:0.000011s ]
INFO: [ app_init ] --END-- [ RunTime:0.000241s ]
INFO: [ app_begin ] --START--
INFO: Run Behavior\ReadHtmlCacheBehavior [ RunTime:0.000323s ]
INFO: [ app_begin ] --END-- [ RunTime:0.000360s ]
SQL: SHOW COLUMNS FROM `vv_config` [ RunTime:0.0005s ]
SQL: SELECT * FROM `vv_config`  [ RunTime:0.0002s ]
NOTIC: [8] unserialize(): Error at offset 75 of 79 bytes /www/wwwkroot/pxs/Application/Admin/Controller/AdminController.class.php 第 37 行.
NOTIC: [8] unserialize(): Error at offset 45 of 108 bytes /www/wwwkroot/pxs/Application/Admin/Controller/AdminController.class.php 第 37 行.
INFO: [ view_parse ] --START--
INFO: [ template_filter ] --START--
INFO: Run Behavior\ContentReplaceBehavior [ RunTime:0.000033s ]
INFO: [ template_filter ] --END-- [ RunTime:0.000065s ]
INFO: Run Behavior\ParseTemplateBehavior [ RunTime:0.004264s ]
INFO: [ view_parse ] --END-- [ RunTime:0.004297s ]
INFO: [ view_filter ] --START--
INFO: Run Behavior\WriteHtmlCacheBehavior [ RunTime:0.000115s ]
INFO: [ view_filter ] --END-- [ RunTime:0.000135s ]
INFO: [ app_end ] --START--
INFO: Run Behavior\ShowPageTraceBehavior [ RunTime:0.000339s ]
INFO: [ app_end ] --END-- [ RunTime:0.000362s ]

[ 2020-12-10T10:48:27+08:00 ] 120.229.77.245 /efucms.php?m=Admin&c=Config&a=upload&event=setPath&cur_index=6&url=.%2FPublic%2Fupload%2Fimages%2F1907%2F05%2F232034486797005185.jpg
INFO: [ app_init ] --START--
INFO: Run Behavior\BuildLiteBehavior [ RunTime:0.000013s ]
INFO: [ app_init ] --END-- [ RunTime:0.000271s ]
INFO: [ app_begin ] --START--
INFO: Run Behavior\ReadHtmlCacheBehavior [ RunTime:0.000342s ]
INFO: [ app_begin ] --END-- [ RunTime:0.000380s ]
SQL: SHOW COLUMNS FROM `vv_config` [ RunTime:0.0006s ]
SQL: SELECT * FROM `vv_config`  [ RunTime:0.0003s ]
NOTIC: [8] unserialize(): Error at offset 75 of 79 bytes /www/wwwkroot/pxs/Application/Admin/Controller/AdminController.class.php 第 37 行.
NOTIC: [8] unserialize(): Error at offset 45 of 108 bytes /www/wwwkroot/pxs/Application/Admin/Controller/AdminController.class.php 第 37 行.
INFO: [ view_parse ] --START--
INFO: [ template_filter ] --START--
INFO: Run Behavior\ContentReplaceBehavior [ RunTime:0.000034s ]
INFO: [ template_filter ] --END-- [ RunTime:0.000067s ]
INFO: Run Behavior\ParseTemplateBehavior [ RunTime:0.004451s ]
INFO: [ view_parse ] --END-- [ RunTime:0.004486s ]
INFO: [ view_filter ] --START--
INFO: Run Behavior\WriteHtmlCacheBehavior [ RunTime:0.000116s ]
INFO: [ view_filter ] --END-- [ RunTime:0.000136s ]
INFO: [ app_end ] --START--
INFO: Run Behavior\ShowPageTraceBehavior [ RunTime:0.000384s ]
INFO: [ app_end ] --END-- [ RunTime:0.000410s ]

[ 2020-12-10T10:48:27+08:00 ] 120.229.77.245 /efucms.php?m=Admin&c=Config&a=upload&event=setPath&cur_index=1&url=%2FPublic%2Fupload%2Fimages%2F2012%2F02%2F122200663565005640.png
INFO: [ app_init ] --START--
INFO: Run Behavior\BuildLiteBehavior [ RunTime:0.000012s ]
INFO: [ app_init ] --END-- [ RunTime:0.000245s ]
INFO: [ app_begin ] --START--
INFO: Run Behavior\ReadHtmlCacheBehavior [ RunTime:0.000362s ]
INFO: [ app_begin ] --END-- [ RunTime:0.000406s ]
SQL: SHOW COLUMNS FROM `vv_config` [ RunTime:0.0007s ]
SQL: SELECT * FROM `vv_config`  [ RunTime:0.0003s ]
NOTIC: [8] unserialize(): Error at offset 75 of 79 bytes /www/wwwkroot/pxs/Application/Admin/Controller/AdminController.class.php 第 37 行.
NOTIC: [8] unserialize(): Error at offset 45 of 108 bytes /www/wwwkroot/pxs/Application/Admin/Controller/AdminController.class.php 第 37 行.
INFO: [ view_parse ] --START--
INFO: [ template_filter ] --START--
INFO: Run Behavior\ContentReplaceBehavior [ RunTime:0.000047s ]
INFO: [ template_filter ] --END-- [ RunTime:0.000091s ]
INFO: Run Behavior\ParseTemplateBehavior [ RunTime:0.005874s ]
INFO: [ view_parse ] --END-- [ RunTime:0.005921s ]
INFO: [ view_filter ] --START--
INFO: Run Behavior\WriteHtmlCacheBehavior [ RunTime:0.000171s ]
INFO: [ view_filter ] --END-- [ RunTime:0.000206s ]
INFO: [ app_end ] --START--
INFO: Run Behavior\ShowPageTraceBehavior [ RunTime:0.000489s ]
INFO: [ app_end ] --END-- [ RunTime:0.000528s ]

[ 2020-12-10T10:48:27+08:00 ] 120.229.77.245 /efucms.php?m=Admin&c=Config&a=upload&event=setPath&cur_index=5&url=.%2FPublic%2Fupload%2Fimages%2F1907%2F05%2F232012882809009452.jpg
INFO: [ app_init ] --START--
INFO: Run Behavior\BuildLiteBehavior [ RunTime:0.000012s ]
INFO: [ app_init ] --END-- [ RunTime:0.000265s ]
INFO: [ app_begin ] --START--
INFO: Run Behavior\ReadHtmlCacheBehavior [ RunTime:0.000328s ]
INFO: [ app_begin ] --END-- [ RunTime:0.000368s ]
SQL: SHOW COLUMNS FROM `vv_config` [ RunTime:0.0006s ]
SQL: SELECT * FROM `vv_config`  [ RunTime:0.0002s ]
NOTIC: [8] unserialize(): Error at offset 75 of 79 bytes /www/wwwkroot/pxs/Application/Admin/Controller/AdminController.class.php 第 37 行.
NOTIC: [8] unserialize(): Error at offset 45 of 108 bytes /www/wwwkroot/pxs/Application/Admin/Controller/AdminController.class.php 第 37 行.
INFO: [ view_parse ] --START--
INFO: [ template_filter ] --START--
INFO: Run Behavior\ContentReplaceBehavior [ RunTime:0.000035s ]
INFO: [ template_filter ] --END-- [ RunTime:0.000073s ]
INFO: Run Behavior\ParseTemplateBehavior [ RunTime:0.004880s ]
INFO: [ view_parse ] --END-- [ RunTime:0.004930s ]
INFO: [ view_filter ] --START--
INFO: Run Behavior\WriteHtmlCacheBehavior [ RunTime:0.000227s ]
INFO: [ view_filter ] --END-- [ RunTime:0.000260s ]
INFO: [ app_end ] --START--
INFO: Run Behavior\ShowPageTraceBehavior [ RunTime:0.000518s ]
INFO: [ app_end ] --END-- [ RunTime:0.000559s ]

[ 2020-12-10T10:48:27+08:00 ] 120.229.77.245 /efucms.php?m=Admin&c=Config&a=upload&event=setPath&cur_index=7&url=.%2FPublic%2Fupload%2Fimages%2F1907%2F05%2F232035880202001930.jpg
INFO: [ app_init ] --START--
INFO: Run Behavior\BuildLiteBehavior [ RunTime:0.000012s ]
INFO: [ app_init ] --END-- [ RunTime:0.000253s ]
INFO: [ app_begin ] --START--
INFO: Run Behavior\ReadHtmlCacheBehavior [ RunTime:0.000319s ]
INFO: [ app_begin ] --END-- [ RunTime:0.000351s ]
SQL: SHOW COLUMNS FROM `vv_config` [ RunTime:0.0005s ]
SQL: SELECT * FROM `vv_config`  [ RunTime:0.0002s ]
NOTIC: [8] unserialize(): Error at offset 75 of 79 bytes /www/wwwkroot/pxs/Application/Admin/Controller/AdminController.class.php 第 37 行.
NOTIC: [8] unserialize(): Error at offset 45 of 108 bytes /www/wwwkroot/pxs/Application/Admin/Controller/AdminController.class.php 第 37 行.
INFO: [ view_parse ] --START--
INFO: [ template_filter ] --START--
INFO: Run Behavior\ContentReplaceBehavior [ RunTime:0.000032s ]
INFO: [ template_filter ] --END-- [ RunTime:0.000064s ]
INFO: Run Behavior\ParseTemplateBehavior [ RunTime:0.003778s ]
INFO: [ view_parse ] --END-- [ RunTime:0.003809s ]
INFO: [ view_filter ] --START--
INFO: Run Behavior\WriteHtmlCacheBehavior [ RunTime:0.000113s ]
INFO: [ view_filter ] --END-- [ RunTime:0.000134s ]
INFO: [ app_end ] --START--
INFO: Run Behavior\ShowPageTraceBehavior [ RunTime:0.000362s ]
INFO: [ app_end ] --END-- [ RunTime:0.000386s ]

[ 2020-12-10T10:48:27+08:00 ] 120.229.77.245 /efucms.php?m=Admin&c=Config&a=upload&event=setPath&cur_index=8&url=.%2FPublic%2Fupload%2Fimages%2F1907%2F05%2F232038363681003365.jpg
INFO: [ app_init ] --START--
INFO: Run Behavior\BuildLiteBehavior [ RunTime:0.000010s ]
INFO: [ app_init ] --END-- [ RunTime:0.000228s ]
INFO: [ app_begin ] --START--
INFO: Run Behavior\ReadHtmlCacheBehavior [ RunTime:0.000318s ]
INFO: [ app_begin ] --END-- [ RunTime:0.000348s ]
SQL: SHOW COLUMNS FROM `vv_config` [ RunTime:0.0005s ]
SQL: SELECT * FROM `vv_config`  [ RunTime:0.0002s ]
NOTIC: [8] unserialize(): Error at offset 75 of 79 bytes /www/wwwkroot/pxs/Application/Admin/Controller/AdminController.class.php 第 37 行.
NOTIC: [8] unserialize(): Error at offset 45 of 108 bytes /www/wwwkroot/pxs/Application/Admin/Controller/AdminController.class.php 第 37 行.
INFO: [ view_parse ] --START--
INFO: [ template_filter ] --START--
INFO: Run Behavior\ContentReplaceBehavior [ RunTime:0.000033s ]
INFO: [ template_filter ] --END-- [ RunTime:0.000064s ]
INFO: Run Behavior\ParseTemplateBehavior [ RunTime:0.003812s ]
INFO: [ view_parse ] --END-- [ RunTime:0.003846s ]
INFO: [ view_filter ] --START--
INFO: Run Behavior\WriteHtmlCacheBehavior [ RunTime:0.000128s ]
INFO: [ view_filter ] --END-- [ RunTime:0.000150s ]
INFO: [ app_end ] --START--
INFO: Run Behavior\ShowPageTraceBehavior [ RunTime:0.000310s ]
INFO: [ app_end ] --END-- [ RunTime:0.000333s ]

[ 2020-12-10T10:48:27+08:00 ] 120.229.77.245 /efucms.php?m=Admin&c=Config&a=upload&event=setPath&cur_index=9&url=.%2FPublic%2Fupload%2Fimages%2F1907%2F05%2F232041084563006260.jpg
INFO: [ app_init ] --START--
INFO: Run Behavior\BuildLiteBehavior [ RunTime:0.000018s ]
INFO: [ app_init ] --END-- [ RunTime:0.000321s ]
INFO: [ app_begin ] --START--
INFO: Run Behavior\ReadHtmlCacheBehavior [ RunTime:0.000320s ]
INFO: [ app_begin ] --END-- [ RunTime:0.000356s ]
SQL: SHOW COLUMNS FROM `vv_config` [ RunTime:0.0005s ]
SQL: SELECT * FROM `vv_config`  [ RunTime:0.0002s ]
NOTIC: [8] unserialize(): Error at offset 75 of 79 bytes /www/wwwkroot/pxs/Application/Admin/Controller/AdminController.class.php 第 37 行.
NOTIC: [8] unserialize(): Error at offset 45 of 108 bytes /www/wwwkroot/pxs/Application/Admin/Controller/AdminController.class.php 第 37 行.
INFO: [ view_parse ] --START--
INFO: [ template_filter ] --START--
INFO: Run Behavior\ContentReplaceBehavior [ RunTime:0.000031s ]
INFO: [ template_filter ] --END-- [ RunTime:0.000062s ]
INFO: Run Behavior\ParseTemplateBehavior [ RunTime:0.003847s ]
INFO: [ view_parse ] --END-- [ RunTime:0.003886s ]
INFO: [ view_filter ] --START--
INFO: Run Behavior\WriteHtmlCacheBehavior [ RunTime:0.000142s ]
INFO: [ view_filter ] --END-- [ RunTime:0.000168s ]
INFO: [ app_end ] --START--
INFO: Run Behavior\ShowPageTraceBehavior [ RunTime:0.000322s ]
INFO: [ app_end ] --END-- [ RunTime:0.000346s ]

